Using pre-set license
Built from '2020.3/staging' branch; Version is '2020.3.3f1 (76626098c1c4) revision 7758432'; Using compiler version '192528614'; Build Type 'Release'
OS: 'Windows 10 Home Single Language; OS build 19042.1466; Version 2009; 64bit' Language: 'en' Physical Memory: 16275 MB
BatchMode: 1, IsHumanControllingUs: 0, StartBugReporterOnCrash: 0, Is64bit: 1, IsPro: 0

 COMMAND LINE ARGUMENTS:
C:\Program Files\Unity\Hub\Editor\2020.3.3f1\Editor\Unity.exe
-adb2
-batchMode
-noUpm
-name
AssetImportWorker1
-projectPath
C:/Users/KIIT/Documents/Unity/Projects/GOAP Hospital
-logFile
Logs/AssetImportWorker1.log
-srvPort
50218
Successfully changed project path to: C:/Users/KIIT/Documents/Unity/Projects/GOAP Hospital
C:/Users/KIIT/Documents/Unity/Projects/GOAP Hospital
Using Asset Import Pipeline V2.
Refreshing native plugins compatible for Editor in 69.42 ms, found 0 plugins.
Preloading 0 native plugins for Editor in 0.00 ms.
Initialize engine version: 2020.3.3f1 (76626098c1c4)
[Subsystems] Discovering subsystems at path C:/Program Files/Unity/Hub/Editor/2020.3.3f1/Editor/Data/Resources/UnitySubsystems
[Subsystems] Discovering subsystems at path C:/Users/KIIT/Documents/Unity/Projects/GOAP Hospital/Assets
GfxDevice: creating device client; threaded=0
Direct3D:
    Version:  Direct3D 11.0 [level 11.0]
    Renderer: NVIDIA GeForce MX130 (ID=0x174d)
    Vendor:   
    VRAM:     2010 MB
    Driver:   30.0.14.7212
Initialize mono
Mono path[0] = 'C:/Program Files/Unity/Hub/Editor/2020.3.3f1/Editor/Data/Managed'
Mono path[1] = 'C:/Program Files/Unity/Hub/Editor/2020.3.3f1/Editor/Data/MonoBleedingEdge/lib/mono/unityjit'
Mono config path = 'C:/Program Files/Unity/Hub/Editor/2020.3.3f1/Editor/Data/MonoBleedingEdge/etc'
Using monoOptions --debugger-agent=transport=dt_socket,embedding=1,server=y,suspend=n,address=127.0.0.1:56940
Begin MonoManager ReloadAssembly
Registering precompiled unity dll's ...
Register platform support module: C:/Program Files/Unity/Hub/Editor/2020.3.3f1/Editor/Data/PlaybackEngines/WindowsStandaloneSupport/UnityEditor.WindowsStandalone.Extensions.dll
Registered in 0.009166 seconds.
Native extension for WindowsStandalone target not found
Refreshing native plugins compatible for Editor in 54.47 ms, found 0 plugins.
Preloading 0 native plugins for Editor in 0.00 ms.
Invoked RoslynAnalysisRunner static constructor.
RoslynAnalysisRunner will not be running.
RoslynAnalysisRunner has terminated.
Mono: successfully reloaded assembly
- Completed reload, in  8.381 seconds
Platform modules already initialized, skipping
Registering precompiled user dll's ...
Registered in 0.002165 seconds.
Begin MonoManager ReloadAssembly
Native extension for WindowsStandalone target not found
Refreshing native plugins compatible for Editor in 6.68 ms, found 0 plugins.
Preloading 0 native plugins for Editor in 0.00 ms.
Invoked RoslynAnalysisRunner static constructor.
RoslynAnalysisRunner will not be running.
RoslynAnalysisRunner has terminated.
Mono: successfully reloaded assembly
- Completed reload, in 12.673 seconds
Platform modules already initialized, skipping
========================================================================
Worker process is ready to serve import requests
Launched and connected shader compiler UnityShaderCompiler.exe after 0.18 seconds
Refreshing native plugins compatible for Editor in 0.58 ms, found 0 plugins.
Preloading 0 native plugins for Editor in 0.00 ms.
Unloading 1156 Unused Serialized files (Serialized files now loaded: 0)
System memory in use before: 58.7 MB.
System memory in use after: 58.7 MB.

Unloading 10 unused Assets to reduce memory usage. Loaded Objects now: 1600.
Total: 5.372300 ms (FindLiveObjects: 0.312300 ms CreateObjectMapping: 0.101900 ms MarkObjects: 4.664200 ms  DeleteObjects: 0.291100 ms)

========================================================================
Received Import Request.
  path: Assets/Scripts/Environment/WorldResourceGenerator.cs
  artifactKey: Guid(6003ad4c38d3a9b4f8ac7011ef34996a) Importer(815301076,1909f56bfc062723c751e8b465ee728b)
Start importing Assets/Scripts/Environment/WorldResourceGenerator.cs using Guid(6003ad4c38d3a9b4f8ac7011ef34996a) Importer(815301076,1909f56bfc062723c751e8b465ee728b)  -> (artifact id: '851a9699a60bacec4177cf462239a777') in 0.520607 seconds
  Import took 0.524929 seconds .

========================================================================
Received Import Request.
  Time since last request: 204.994887 seconds.
  path: Assets/Scripts/ResourceData.cs
  artifactKey: Guid(a6e7a42d7019b604fa073d5cab2f5762) Importer(815301076,1909f56bfc062723c751e8b465ee728b)
Start importing Assets/Scripts/ResourceData.cs using Guid(a6e7a42d7019b604fa073d5cab2f5762) Importer(815301076,1909f56bfc062723c751e8b465ee728b)  -> (artifact id: '6d042a5068e01416fb42930739af70e3') in 0.017313 seconds
  Import took 0.025549 seconds .

========================================================================
Received Prepare
Registering precompiled user dll's ...
Registered in 0.002296 seconds.
Begin MonoManager ReloadAssembly
Native extension for WindowsStandalone target not found
Refreshing native plugins compatible for Editor in 0.50 ms, found 0 plugins.
Preloading 0 native plugins for Editor in 0.00 ms.
Invoked RoslynAnalysisRunner static constructor.
RoslynAnalysisRunner will not be running.
RoslynAnalysisRunner has terminated.
Mono: successfully reloaded assembly
- Completed reload, in 11.553 seconds
Platform modules already initialized, skipping
Refreshing native plugins compatible for Editor in 0.58 ms, found 0 plugins.
Preloading 0 native plugins for Editor in 0.00 ms.
Unloading 1152 Unused Serialized files (Serialized files now loaded: 0)
System memory in use before: 58.6 MB.
System memory in use after: 58.7 MB.

Unloading 5 unused Assets to reduce memory usage. Loaded Objects now: 1604.
Total: 5.138200 ms (FindLiveObjects: 0.298300 ms CreateObjectMapping: 0.146900 ms MarkObjects: 4.526000 ms  DeleteObjects: 0.163800 ms)

========================================================================
Received Prepare
Registering precompiled user dll's ...
Registered in 0.001535 seconds.
Begin MonoManager ReloadAssembly
Native extension for WindowsStandalone target not found
Refreshing native plugins compatible for Editor in 0.67 ms, found 0 plugins.
Preloading 0 native plugins for Editor in 0.00 ms.
Invoked RoslynAnalysisRunner static constructor.
RoslynAnalysisRunner will not be running.
RoslynAnalysisRunner has terminated.
Mono: successfully reloaded assembly
- Completed reload, in 18.229 seconds
Platform modules already initialized, skipping
Refreshing native plugins compatible for Editor in 0.45 ms, found 0 plugins.
Preloading 0 native plugins for Editor in 0.00 ms.
Unloading 1152 Unused Serialized files (Serialized files now loaded: 0)
System memory in use before: 58.7 MB.
System memory in use after: 58.7 MB.

Unloading 5 unused Assets to reduce memory usage. Loaded Objects now: 1607.
Total: 10.504900 ms (FindLiveObjects: 0.512500 ms CreateObjectMapping: 0.354600 ms MarkObjects: 9.497600 ms  DeleteObjects: 0.137100 ms)

========================================================================
Received Import Request.
  Time since last request: 72.829422 seconds.
  path: Assets/Scripts/Environment/Spawner.cs
  artifactKey: Guid(c040f214f372143439334034e3a8d1a8) Importer(815301076,1909f56bfc062723c751e8b465ee728b)
Start importing Assets/Scripts/Environment/Spawner.cs using Guid(c040f214f372143439334034e3a8d1a8) Importer(815301076,1909f56bfc062723c751e8b465ee728b)  -> (artifact id: '9ccb965b9bda6cfb4f00db71e4ebddf1') in 0.022639 seconds
  Import took 0.030102 seconds .

========================================================================
Received Import Request.
  Time since last request: 0.063340 seconds.
  path: Assets/Scripts/Environment/Spawner.cs
  artifactKey: Guid(c040f214f372143439334034e3a8d1a8) Importer(815301076,1909f56bfc062723c751e8b465ee728b)
Start importing Assets/Scripts/Environment/Spawner.cs using Guid(c040f214f372143439334034e3a8d1a8) Importer(815301076,1909f56bfc062723c751e8b465ee728b)  -> (artifact id: '9ccb965b9bda6cfb4f00db71e4ebddf1') in 0.012432 seconds
  Import took 0.025582 seconds .

========================================================================
Received Import Request.
  Time since last request: 350.496324 seconds.
  path: Assets/Scripts/Environment/ResourceData.cs
  artifactKey: Guid(a6e7a42d7019b604fa073d5cab2f5762) Importer(815301076,1909f56bfc062723c751e8b465ee728b)
Start importing Assets/Scripts/Environment/ResourceData.cs using Guid(a6e7a42d7019b604fa073d5cab2f5762) Importer(815301076,1909f56bfc062723c751e8b465ee728b)  -> (artifact id: 'b7fa82bae7d4c615674420836e27a3d1') in 0.018797 seconds
  Import took 0.024399 seconds .

========================================================================
Received Prepare
Registering precompiled user dll's ...
Registered in 0.001807 seconds.
Begin MonoManager ReloadAssembly
Native extension for WindowsStandalone target not found
Refreshing native plugins compatible for Editor in 0.44 ms, found 0 plugins.
Preloading 0 native plugins for Editor in 0.00 ms.
Invoked RoslynAnalysisRunner static constructor.
RoslynAnalysisRunner will not be running.
RoslynAnalysisRunner has terminated.
Mono: successfully reloaded assembly
- Completed reload, in  4.964 seconds
Platform modules already initialized, skipping
Refreshing native plugins compatible for Editor in 0.34 ms, found 0 plugins.
Preloading 0 native plugins for Editor in 0.00 ms.
Unloading 1152 Unused Serialized files (Serialized files now loaded: 0)
System memory in use before: 58.7 MB.
System memory in use after: 58.8 MB.

Unloading 5 unused Assets to reduce memory usage. Loaded Objects now: 1610.
Total: 4.811700 ms (FindLiveObjects: 0.235500 ms CreateObjectMapping: 0.171800 ms MarkObjects: 4.302800 ms  DeleteObjects: 0.098600 ms)

========================================================================
Received Prepare
Registering precompiled user dll's ...
Registered in 0.001157 seconds.
Begin MonoManager ReloadAssembly
Native extension for WindowsStandalone target not found
Refreshing native plugins compatible for Editor in 0.30 ms, found 0 plugins.
Preloading 0 native plugins for Editor in 0.00 ms.
Invoked RoslynAnalysisRunner static constructor.
RoslynAnalysisRunner will not be running.
RoslynAnalysisRunner has terminated.
Mono: successfully reloaded assembly
- Completed reload, in  3.992 seconds
Platform modules already initialized, skipping
Refreshing native plugins compatible for Editor in 0.70 ms, found 0 plugins.
Preloading 0 native plugins for Editor in 0.00 ms.
Unloading 1152 Unused Serialized files (Serialized files now loaded: 0)
System memory in use before: 58.7 MB.
System memory in use after: 58.8 MB.

Unloading 5 unused Assets to reduce memory usage. Loaded Objects now: 1613.
Total: 19.054500 ms (FindLiveObjects: 0.265200 ms CreateObjectMapping: 0.075000 ms MarkObjects: 18.613100 ms  DeleteObjects: 0.098300 ms)

========================================================================
Received Prepare
Registering precompiled user dll's ...
Registered in 0.001359 seconds.
Begin MonoManager ReloadAssembly
Native extension for WindowsStandalone target not found
Refreshing native plugins compatible for Editor in 0.36 ms, found 0 plugins.
Preloading 0 native plugins for Editor in 0.00 ms.
Invoked RoslynAnalysisRunner static constructor.
RoslynAnalysisRunner will not be running.
RoslynAnalysisRunner has terminated.
Mono: successfully reloaded assembly
- Completed reload, in  3.400 seconds
Platform modules already initialized, skipping
Refreshing native plugins compatible for Editor in 1.56 ms, found 0 plugins.
Preloading 0 native plugins for Editor in 0.00 ms.
Unloading 1152 Unused Serialized files (Serialized files now loaded: 0)
System memory in use before: 58.7 MB.
System memory in use after: 58.8 MB.

Unloading 5 unused Assets to reduce memory usage. Loaded Objects now: 1616.
Total: 19.126800 ms (FindLiveObjects: 1.763100 ms CreateObjectMapping: 0.146400 ms MarkObjects: 17.106400 ms  DeleteObjects: 0.108400 ms)

========================================================================
Received Import Request.
  Time since last request: 231.029494 seconds.
  path: Assets/Scripts/Environment/WorldResourceGenerator.cs
  artifactKey: Guid(6003ad4c38d3a9b4f8ac7011ef34996a) Importer(815301076,1909f56bfc062723c751e8b465ee728b)
Start importing Assets/Scripts/Environment/WorldResourceGenerator.cs using Guid(6003ad4c38d3a9b4f8ac7011ef34996a) Importer(815301076,1909f56bfc062723c751e8b465ee728b)  -> (artifact id: '6fe0134ad9a6388c22251139051f8b9c') in 0.009934 seconds
  Import took 0.016235 seconds .

========================================================================
Received Prepare
Registering precompiled user dll's ...
Registered in 0.001313 seconds.
Begin MonoManager ReloadAssembly
Native extension for WindowsStandalone target not found
Refreshing native plugins compatible for Editor in 0.31 ms, found 0 plugins.
Preloading 0 native plugins for Editor in 0.00 ms.
Invoked RoslynAnalysisRunner static constructor.
RoslynAnalysisRunner will not be running.
RoslynAnalysisRunner has terminated.
Mono: successfully reloaded assembly
- Completed reload, in  4.636 seconds
Platform modules already initialized, skipping
Refreshing native plugins compatible for Editor in 0.56 ms, found 0 plugins.
Preloading 0 native plugins for Editor in 0.00 ms.
Unloading 1152 Unused Serialized files (Serialized files now loaded: 0)
System memory in use before: 58.7 MB.
System memory in use after: 58.8 MB.

Unloading 5 unused Assets to reduce memory usage. Loaded Objects now: 1619.
Total: 5.335000 ms (FindLiveObjects: 0.333900 ms CreateObjectMapping: 0.134300 ms MarkObjects: 4.748300 ms  DeleteObjects: 0.115500 ms)

========================================================================
Received Import Request.
  Time since last request: 144.334799 seconds.
  path: Assets/Scripts/Environment/WorldResourceGenerator.cs
  artifactKey: Guid(6003ad4c38d3a9b4f8ac7011ef34996a) Importer(815301076,1909f56bfc062723c751e8b465ee728b)
Start importing Assets/Scripts/Environment/WorldResourceGenerator.cs using Guid(6003ad4c38d3a9b4f8ac7011ef34996a) Importer(815301076,1909f56bfc062723c751e8b465ee728b)  -> (artifact id: 'fb150716190c05ace97f9a8e574a9f53') in 0.027448 seconds
  Import took 0.033618 seconds .

========================================================================
Received Import Request.
  Time since last request: 8.066356 seconds.
  path: Assets/Resource Data
  artifactKey: Guid(d7e1a0932ae48ec4298d40cf1796551a) Importer(815301076,1909f56bfc062723c751e8b465ee728b)
Start importing Assets/Resource Data using Guid(d7e1a0932ae48ec4298d40cf1796551a) Importer(815301076,1909f56bfc062723c751e8b465ee728b)  -> (artifact id: '624e478b9372210e33322ae8983189cd') in 0.010059 seconds
  Import took 0.013442 seconds .

========================================================================
Received Import Request.
  Time since last request: 10.745563 seconds.
  path: Assets/Resource Data/Toilet Data.asset
  artifactKey: Guid(a3d567f2a5d220a45a3282cd39c2ec9d) Importer(815301076,1909f56bfc062723c751e8b465ee728b)
Start importing Assets/Resource Data/Toilet Data.asset using Guid(a3d567f2a5d220a45a3282cd39c2ec9d) Importer(815301076,1909f56bfc062723c751e8b465ee728b)  -> (artifact id: 'a2c9d8bae60e3dac1aea1b063d2fee5c') in 0.053190 seconds
  Import took 0.057377 seconds .

========================================================================
Received Import Request.
  Time since last request: 29.474519 seconds.
  path: Assets/Resource Data/Office Data.asset
  artifactKey: Guid(3bafd7fd924087e438accb571be4ffc4) Importer(815301076,1909f56bfc062723c751e8b465ee728b)
Start importing Assets/Resource Data/Office Data.asset using Guid(3bafd7fd924087e438accb571be4ffc4) Importer(815301076,1909f56bfc062723c751e8b465ee728b)  -> (artifact id: '45af2c2fb12d4afe238809a97b2ba24b') in 0.012293 seconds
  Import took 0.016415 seconds .

========================================================================
Received Import Request.
  Time since last request: 28.455414 seconds.
  path: Assets/Resource Data/Cubicle Data.asset
  artifactKey: Guid(64190e4b693a9324282447c32811aa12) Importer(815301076,1909f56bfc062723c751e8b465ee728b)
Start importing Assets/Resource Data/Cubicle Data.asset using Guid(64190e4b693a9324282447c32811aa12) Importer(815301076,1909f56bfc062723c751e8b465ee728b)  -> (artifact id: '6ae8bf0fd83e8f1bc2149b30980f8fe1') in 0.011213 seconds
  Import took 0.016154 seconds .

========================================================================
Received Import Request.
  Time since last request: 24.062325 seconds.
  path: Assets/Prefabs/Characters
  artifactKey: Guid(d0a89a56929b6414f84957f20f856bd3) Importer(815301076,1909f56bfc062723c751e8b465ee728b)
Start importing Assets/Prefabs/Characters using Guid(d0a89a56929b6414f84957f20f856bd3) Importer(815301076,1909f56bfc062723c751e8b465ee728b)  -> (artifact id: 'f13010e2a5da11fdd757b53eeca3711e') in 0.012505 seconds
  Import took 0.017387 seconds .

========================================================================
Received Import Request.
  Time since last request: 16.299478 seconds.
  path: Assets/Prefabs/Places
  artifactKey: Guid(fcd42f8d8c9226f45b8a68c194e291ae) Importer(815301076,1909f56bfc062723c751e8b465ee728b)
Start importing Assets/Prefabs/Places using Guid(fcd42f8d8c9226f45b8a68c194e291ae) Importer(815301076,1909f56bfc062723c751e8b465ee728b)  -> (artifact id: '638458745e32f3c615457262690e79b3') in 0.008313 seconds
  Import took 0.011928 seconds .

========================================================================
Received Import Request.
  Time since last request: 15.594030 seconds.
  path: Assets/Prefabs/Miscellaneous
  artifactKey: Guid(d05df28ebc24be84bb880d584940ef3d) Importer(815301076,1909f56bfc062723c751e8b465ee728b)
Start importing Assets/Prefabs/Miscellaneous using Guid(d05df28ebc24be84bb880d584940ef3d) Importer(815301076,1909f56bfc062723c751e8b465ee728b)  -> (artifact id: 'ec87325dca81275e91631c8e0731799c') in 0.010278 seconds
  Import took 0.015264 seconds .

========================================================================
Received Prepare
Registering precompiled user dll's ...
Registered in 0.001500 seconds.
Begin MonoManager ReloadAssembly
Native extension for WindowsStandalone target not found
Refreshing native plugins compatible for Editor in 0.46 ms, found 0 plugins.
Preloading 0 native plugins for Editor in 0.00 ms.
Invoked RoslynAnalysisRunner static constructor.
RoslynAnalysisRunner will not be running.
RoslynAnalysisRunner has terminated.
Mono: successfully reloaded assembly
- Completed reload, in  3.384 seconds
Platform modules already initialized, skipping
Refreshing native plugins compatible for Editor in 0.54 ms, found 0 plugins.
Preloading 0 native plugins for Editor in 0.00 ms.
Unloading 1152 Unused Serialized files (Serialized files now loaded: 0)
System memory in use before: 58.7 MB.
System memory in use after: 58.8 MB.

Unloading 5 unused Assets to reduce memory usage. Loaded Objects now: 1622.
Total: 4.785600 ms (FindLiveObjects: 0.998400 ms CreateObjectMapping: 0.146100 ms MarkObjects: 3.525400 ms  DeleteObjects: 0.113100 ms)

========================================================================
Received Prepare
Registering precompiled user dll's ...
Registered in 0.002056 seconds.
Begin MonoManager ReloadAssembly
Native extension for WindowsStandalone target not found
Refreshing native plugins compatible for Editor in 0.29 ms, found 0 plugins.
Preloading 0 native plugins for Editor in 0.00 ms.
Invoked RoslynAnalysisRunner static constructor.
RoslynAnalysisRunner will not be running.
RoslynAnalysisRunner has terminated.
Mono: successfully reloaded assembly
- Completed reload, in  3.913 seconds
Platform modules already initialized, skipping
Refreshing native plugins compatible for Editor in 0.72 ms, found 0 plugins.
Preloading 0 native plugins for Editor in 0.00 ms.
Unloading 1152 Unused Serialized files (Serialized files now loaded: 0)
System memory in use before: 58.7 MB.
System memory in use after: 58.8 MB.

Unloading 5 unused Assets to reduce memory usage. Loaded Objects now: 1625.
Total: 16.844400 ms (FindLiveObjects: 0.520500 ms CreateObjectMapping: 0.179900 ms MarkObjects: 14.264300 ms  DeleteObjects: 1.874900 ms)

========================================================================
Received Prepare
Registering precompiled user dll's ...
Registered in 0.001814 seconds.
Begin MonoManager ReloadAssembly
Native extension for WindowsStandalone target not found
Refreshing native plugins compatible for Editor in 0.42 ms, found 0 plugins.
Preloading 0 native plugins for Editor in 0.00 ms.
Invoked RoslynAnalysisRunner static constructor.
RoslynAnalysisRunner will not be running.
RoslynAnalysisRunner has terminated.
Mono: successfully reloaded assembly
- Completed reload, in  4.349 seconds
Platform modules already initialized, skipping
Refreshing native plugins compatible for Editor in 0.41 ms, found 0 plugins.
Preloading 0 native plugins for Editor in 0.00 ms.
Unloading 1152 Unused Serialized files (Serialized files now loaded: 0)
System memory in use before: 58.7 MB.
System memory in use after: 58.8 MB.

Unloading 5 unused Assets to reduce memory usage. Loaded Objects now: 1628.
Total: 8.084200 ms (FindLiveObjects: 0.405700 ms CreateObjectMapping: 0.159600 ms MarkObjects: 7.352800 ms  DeleteObjects: 0.161500 ms)

========================================================================
Received Prepare
Registering precompiled user dll's ...
Registered in 0.001938 seconds.
Begin MonoManager ReloadAssembly
Native extension for WindowsStandalone target not found
Refreshing native plugins compatible for Editor in 0.43 ms, found 0 plugins.
Preloading 0 native plugins for Editor in 0.00 ms.
Invoked RoslynAnalysisRunner static constructor.
RoslynAnalysisRunner will not be running.
RoslynAnalysisRunner has terminated.
Mono: successfully reloaded assembly
- Completed reload, in  3.848 seconds
Platform modules already initialized, skipping
Refreshing native plugins compatible for Editor in 0.53 ms, found 0 plugins.
Preloading 0 native plugins for Editor in 0.00 ms.
Unloading 1152 Unused Serialized files (Serialized files now loaded: 0)
System memory in use before: 58.7 MB.
System memory in use after: 58.8 MB.

Unloading 5 unused Assets to reduce memory usage. Loaded Objects now: 1631.
Total: 6.857100 ms (FindLiveObjects: 0.520300 ms CreateObjectMapping: 0.437600 ms MarkObjects: 5.707800 ms  DeleteObjects: 0.184300 ms)

========================================================================
Received Import Request.
  Time since last request: 935.080905 seconds.
  path: Assets/Prefabs/Places/Office.prefab
  artifactKey: Guid(a32ea837f7a0649dc8c4040fa1a4170a) Importer(815301076,1909f56bfc062723c751e8b465ee728b)
Start importing Assets/Prefabs/Places/Office.prefab using Guid(a32ea837f7a0649dc8c4040fa1a4170a) Importer(815301076,1909f56bfc062723c751e8b465ee728b)  -> (artifact id: '6e153e030938220a1f06c644576d5ad5') in 0.227940 seconds
  Import took 0.233189 seconds .

========================================================================
Received Import Request.
  Time since last request: 6.921681 seconds.
  path: Assets/Prefabs/Places/Toilet.prefab
  artifactKey: Guid(ec7f4b84d11e74c6495959b262c08592) Importer(815301076,1909f56bfc062723c751e8b465ee728b)
Start importing Assets/Prefabs/Places/Toilet.prefab using Guid(ec7f4b84d11e74c6495959b262c08592) Importer(815301076,1909f56bfc062723c751e8b465ee728b)  -> (artifact id: '49943a3d363a83c3460f482cc2b9ea38') in 0.046315 seconds
  Import took 0.052591 seconds .

========================================================================
Received Import Request.
  Time since last request: 13.623240 seconds.
  path: Assets/Prefabs/Places/Cubicle.prefab
  artifactKey: Guid(1b134b1c5bdecf14e936ab0619fcf833) Importer(815301076,1909f56bfc062723c751e8b465ee728b)
Start importing Assets/Prefabs/Places/Cubicle.prefab using Guid(1b134b1c5bdecf14e936ab0619fcf833) Importer(815301076,1909f56bfc062723c751e8b465ee728b)  -> (artifact id: '475d1cf5b1513382850dd5b9c58f7eb9') in 0.032881 seconds
  Import took 0.037911 seconds .

========================================================================
Received Prepare
Registering precompiled user dll's ...
Registered in 0.002075 seconds.
Begin MonoManager ReloadAssembly
Native extension for WindowsStandalone target not found
Refreshing native plugins compatible for Editor in 0.31 ms, found 0 plugins.
Preloading 0 native plugins for Editor in 0.00 ms.
Invoked RoslynAnalysisRunner static constructor.
RoslynAnalysisRunner will not be running.
RoslynAnalysisRunner has terminated.
Mono: successfully reloaded assembly
- Completed reload, in  3.310 seconds
Platform modules already initialized, skipping
Refreshing native plugins compatible for Editor in 0.46 ms, found 0 plugins.
Preloading 0 native plugins for Editor in 0.00 ms.
Unloading 1152 Unused Serialized files (Serialized files now loaded: 0)
System memory in use before: 61.9 MB.
System memory in use after: 62.0 MB.

Unloading 5 unused Assets to reduce memory usage. Loaded Objects now: 1644.
Total: 5.069300 ms (FindLiveObjects: 0.376400 ms CreateObjectMapping: 0.131300 ms MarkObjects: 4.399300 ms  DeleteObjects: 0.158100 ms)

========================================================================
Received Prepare
Registering precompiled user dll's ...
Registered in 0.001478 seconds.
Begin MonoManager ReloadAssembly
Native extension for WindowsStandalone target not found
Refreshing native plugins compatible for Editor in 0.43 ms, found 0 plugins.
Preloading 0 native plugins for Editor in 0.00 ms.
Invoked RoslynAnalysisRunner static constructor.
RoslynAnalysisRunner will not be running.
RoslynAnalysisRunner has terminated.
Mono: successfully reloaded assembly
- Completed reload, in  4.170 seconds
Platform modules already initialized, skipping
Refreshing native plugins compatible for Editor in 0.46 ms, found 0 plugins.
Preloading 0 native plugins for Editor in 0.00 ms.
Unloading 1152 Unused Serialized files (Serialized files now loaded: 0)
System memory in use before: 61.9 MB.
System memory in use after: 62.0 MB.

Unloading 5 unused Assets to reduce memory usage. Loaded Objects now: 1647.
Total: 6.114200 ms (FindLiveObjects: 0.373700 ms CreateObjectMapping: 0.127600 ms MarkObjects: 5.443400 ms  DeleteObjects: 0.166300 ms)

========================================================================
Received Prepare
Registering precompiled user dll's ...
Registered in 0.001489 seconds.
Begin MonoManager ReloadAssembly
Native extension for WindowsStandalone target not found
Refreshing native plugins compatible for Editor in 0.66 ms, found 0 plugins.
Preloading 0 native plugins for Editor in 0.00 ms.
Invoked RoslynAnalysisRunner static constructor.
RoslynAnalysisRunner will not be running.
RoslynAnalysisRunner has terminated.
Mono: successfully reloaded assembly
- Completed reload, in  5.033 seconds
Platform modules already initialized, skipping
Refreshing native plugins compatible for Editor in 0.31 ms, found 0 plugins.
Preloading 0 native plugins for Editor in 0.00 ms.
Unloading 1152 Unused Serialized files (Serialized files now loaded: 0)
System memory in use before: 61.9 MB.
System memory in use after: 62.0 MB.

Unloading 5 unused Assets to reduce memory usage. Loaded Objects now: 1650.
Total: 3.043300 ms (FindLiveObjects: 0.300300 ms CreateObjectMapping: 0.115200 ms MarkObjects: 2.543600 ms  DeleteObjects: 0.081700 ms)

========================================================================
Received Prepare
Registering precompiled user dll's ...
Registered in 0.002724 seconds.
Begin MonoManager ReloadAssembly
Native extension for WindowsStandalone target not found
Refreshing native plugins compatible for Editor in 0.91 ms, found 0 plugins.
Preloading 0 native plugins for Editor in 0.00 ms.
Invoked RoslynAnalysisRunner static constructor.
RoslynAnalysisRunner will not be running.
RoslynAnalysisRunner has terminated.
Mono: successfully reloaded assembly
- Completed reload, in  3.692 seconds
Platform modules already initialized, skipping
Refreshing native plugins compatible for Editor in 1.13 ms, found 0 plugins.
Preloading 0 native plugins for Editor in 0.00 ms.
Unloading 1152 Unused Serialized files (Serialized files now loaded: 0)
System memory in use before: 61.9 MB.
System memory in use after: 62.0 MB.

Unloading 5 unused Assets to reduce memory usage. Loaded Objects now: 1653.
Total: 10.707000 ms (FindLiveObjects: 0.752600 ms CreateObjectMapping: 0.278900 ms MarkObjects: 9.386900 ms  DeleteObjects: 0.283300 ms)

========================================================================
Received Import Request.
  Time since last request: 2994.849318 seconds.
  path: Assets/Prefabs/Miscellaneous/Square Button.prefab
  artifactKey: Guid(74a251d18c8e6014eb313faedfd388fe) Importer(815301076,1909f56bfc062723c751e8b465ee728b)
Start importing Assets/Prefabs/Miscellaneous/Square Button.prefab using Guid(74a251d18c8e6014eb313faedfd388fe) Importer(815301076,1909f56bfc062723c751e8b465ee728b)  -> (artifact id: 'de5fac1ba02797857d573bda5d6af16b') in 0.052144 seconds
  Import took 0.055764 seconds .

========================================================================
Received Import Request.
  Time since last request: 0.003285 seconds.
  path: Assets/Prefabs/Miscellaneous/Square Button.prefab
  artifactKey: Guid(74a251d18c8e6014eb313faedfd388fe) Importer(815301076,1909f56bfc062723c751e8b465ee728b)
Start importing Assets/Prefabs/Miscellaneous/Square Button.prefab using Guid(74a251d18c8e6014eb313faedfd388fe) Importer(815301076,1909f56bfc062723c751e8b465ee728b)  -> (artifact id: 'de5fac1ba02797857d573bda5d6af16b') in 0.006936 seconds
  Import took 0.009267 seconds .

========================================================================
Received Prepare
Registering precompiled user dll's ...
Registered in 0.001710 seconds.
Begin MonoManager ReloadAssembly
Native extension for WindowsStandalone target not found
Refreshing native plugins compatible for Editor in 0.52 ms, found 0 plugins.
Preloading 0 native plugins for Editor in 0.00 ms.
Invoked RoslynAnalysisRunner static constructor.
RoslynAnalysisRunner will not be running.
RoslynAnalysisRunner has terminated.
Mono: successfully reloaded assembly
- Completed reload, in  2.772 seconds
Platform modules already initialized, skipping
Refreshing native plugins compatible for Editor in 0.44 ms, found 0 plugins.
Preloading 0 native plugins for Editor in 0.00 ms.
Unloading 1152 Unused Serialized files (Serialized files now loaded: 0)
System memory in use before: 62.0 MB.
System memory in use after: 62.1 MB.

Unloading 6 unused Assets to reduce memory usage. Loaded Objects now: 1658.
Total: 4.147300 ms (FindLiveObjects: 0.424900 ms CreateObjectMapping: 0.230100 ms MarkObjects: 3.383700 ms  DeleteObjects: 0.105500 ms)

========================================================================
Received Import Request.
  Time since last request: 84.570977 seconds.
  path: Assets/Scripts/UI
  artifactKey: Guid(778c6f7ea32808a4587cf3e8d69a856a) Importer(815301076,1909f56bfc062723c751e8b465ee728b)
Start importing Assets/Scripts/UI using Guid(778c6f7ea32808a4587cf3e8d69a856a) Importer(815301076,1909f56bfc062723c751e8b465ee728b)  -> (artifact id: 'a1c26edb0b5c5d9304cbf2250d7fb0bc') in 0.011156 seconds
  Import took 0.015924 seconds .

========================================================================
Received Import Request.
  Time since last request: 15.972867 seconds.
  path: Assets/Scripts/UI/ResourceButton.cs
  artifactKey: Guid(022fef692e7449c49ac64299a3e8adbf) Importer(815301076,1909f56bfc062723c751e8b465ee728b)
Start importing Assets/Scripts/UI/ResourceButton.cs using Guid(022fef692e7449c49ac64299a3e8adbf) Importer(815301076,1909f56bfc062723c751e8b465ee728b)  -> (artifact id: '132f8093074d6d39ace2dcf94ec73636') in 0.053518 seconds
  Import took 0.065622 seconds .

========================================================================
Received Import Request.
  Time since last request: 0.013232 seconds.
  path: Assets/Scripts/UI/ResourceButton.cs
  artifactKey: Guid(022fef692e7449c49ac64299a3e8adbf) Importer(815301076,1909f56bfc062723c751e8b465ee728b)
Start importing Assets/Scripts/UI/ResourceButton.cs using Guid(022fef692e7449c49ac64299a3e8adbf) Importer(815301076,1909f56bfc062723c751e8b465ee728b)  -> (artifact id: '132f8093074d6d39ace2dcf94ec73636') in 0.015387 seconds
  Import took 0.026718 seconds .

========================================================================
Received Prepare
Registering precompiled user dll's ...
Registered in 0.001709 seconds.
Begin MonoManager ReloadAssembly
Native extension for WindowsStandalone target not found
Refreshing native plugins compatible for Editor in 0.44 ms, found 0 plugins.
Preloading 0 native plugins for Editor in 0.00 ms.
Invoked RoslynAnalysisRunner static constructor.
RoslynAnalysisRunner will not be running.
RoslynAnalysisRunner has terminated.
Mono: successfully reloaded assembly
- Completed reload, in  4.185 seconds
Platform modules already initialized, skipping
Refreshing native plugins compatible for Editor in 0.48 ms, found 0 plugins.
Preloading 0 native plugins for Editor in 0.00 ms.
Unloading 1153 Unused Serialized files (Serialized files now loaded: 0)
System memory in use before: 62.0 MB.
System memory in use after: 62.1 MB.

Unloading 5 unused Assets to reduce memory usage. Loaded Objects now: 1662.
Total: 4.125900 ms (FindLiveObjects: 0.287700 ms CreateObjectMapping: 0.107200 ms MarkObjects: 3.628400 ms  DeleteObjects: 0.100300 ms)

========================================================================
Received Import Request.
  Time since last request: 15.416446 seconds.
  path: Assets/Prefabs/Miscellaneous/Resource Button.prefab
  artifactKey: Guid(74a251d18c8e6014eb313faedfd388fe) Importer(815301076,1909f56bfc062723c751e8b465ee728b)
Start importing Assets/Prefabs/Miscellaneous/Resource Button.prefab using Guid(74a251d18c8e6014eb313faedfd388fe) Importer(815301076,1909f56bfc062723c751e8b465ee728b)  -> (artifact id: 'fdfd7e7498b3134f8b0cee96ab0d7b2d') in 0.139424 seconds
  Import took 0.144886 seconds .

========================================================================
Received Prepare
Registering precompiled user dll's ...
Registered in 0.001747 seconds.
Begin MonoManager ReloadAssembly
Native extension for WindowsStandalone target not found
Refreshing native plugins compatible for Editor in 0.50 ms, found 0 plugins.
Preloading 0 native plugins for Editor in 0.00 ms.
Invoked RoslynAnalysisRunner static constructor.
RoslynAnalysisRunner will not be running.
RoslynAnalysisRunner has terminated.
Mono: successfully reloaded assembly
- Completed reload, in  2.775 seconds
Platform modules already initialized, skipping
Refreshing native plugins compatible for Editor in 0.86 ms, found 0 plugins.
Preloading 0 native plugins for Editor in 0.00 ms.
Unloading 1153 Unused Serialized files (Serialized files now loaded: 0)
System memory in use before: 62.0 MB.
System memory in use after: 62.1 MB.

Unloading 6 unused Assets to reduce memory usage. Loaded Objects now: 1665.
Total: 3.667500 ms (FindLiveObjects: 0.243000 ms CreateObjectMapping: 0.068000 ms MarkObjects: 3.231300 ms  DeleteObjects: 0.122300 ms)

========================================================================
Received Import Request.
  Time since last request: 116.374614 seconds.
  path: Assets/Scripts/UI/ResourceButton.cs
  artifactKey: Guid(022fef692e7449c49ac64299a3e8adbf) Importer(815301076,1909f56bfc062723c751e8b465ee728b)
Start importing Assets/Scripts/UI/ResourceButton.cs using Guid(022fef692e7449c49ac64299a3e8adbf) Importer(815301076,1909f56bfc062723c751e8b465ee728b)  -> (artifact id: '08a7263fd7c5e3c8aa2be5af7083af48') in 0.010285 seconds
  Import took 0.014831 seconds .

========================================================================
Received Prepare
Registering precompiled user dll's ...
Registered in 0.001956 seconds.
Begin MonoManager ReloadAssembly
Native extension for WindowsStandalone target not found
Refreshing native plugins compatible for Editor in 0.43 ms, found 0 plugins.
Preloading 0 native plugins for Editor in 0.00 ms.
Invoked RoslynAnalysisRunner static constructor.
RoslynAnalysisRunner will not be running.
RoslynAnalysisRunner has terminated.
Mono: successfully reloaded assembly
- Completed reload, in  2.862 seconds
Platform modules already initialized, skipping
Refreshing native plugins compatible for Editor in 0.31 ms, found 0 plugins.
Preloading 0 native plugins for Editor in 0.00 ms.
Unloading 1153 Unused Serialized files (Serialized files now loaded: 0)
System memory in use before: 62.0 MB.
System memory in use after: 62.1 MB.

Unloading 5 unused Assets to reduce memory usage. Loaded Objects now: 1668.
Total: 4.835700 ms (FindLiveObjects: 0.347000 ms CreateObjectMapping: 0.534000 ms MarkObjects: 3.866900 ms  DeleteObjects: 0.084800 ms)

========================================================================
Received Import Request.
  Time since last request: 372.213322 seconds.
  path: Assets/Prefabs/Miscellaneous/Resource Button.prefab
  artifactKey: Guid(74a251d18c8e6014eb313faedfd388fe) Importer(815301076,1909f56bfc062723c751e8b465ee728b)
Start importing Assets/Prefabs/Miscellaneous/Resource Button.prefab using Guid(74a251d18c8e6014eb313faedfd388fe) Importer(815301076,1909f56bfc062723c751e8b465ee728b)  -> (artifact id: '7c92a8c4231de940a8382d306c8f62dd') in 0.084277 seconds
  Import took 0.089550 seconds .

========================================================================
Received Prepare
Registering precompiled user dll's ...
Registered in 0.001922 seconds.
Begin MonoManager ReloadAssembly
Native extension for WindowsStandalone target not found
Refreshing native plugins compatible for Editor in 0.49 ms, found 0 plugins.
Preloading 0 native plugins for Editor in 0.00 ms.
Invoked RoslynAnalysisRunner static constructor.
RoslynAnalysisRunner will not be running.
RoslynAnalysisRunner has terminated.
Mono: successfully reloaded assembly
- Completed reload, in  3.272 seconds
Platform modules already initialized, skipping
Refreshing native plugins compatible for Editor in 0.42 ms, found 0 plugins.
Preloading 0 native plugins for Editor in 0.00 ms.
Unloading 1153 Unused Serialized files (Serialized files now loaded: 0)
System memory in use before: 62.1 MB.
System memory in use after: 62.1 MB.

Unloading 6 unused Assets to reduce memory usage. Loaded Objects now: 1671.
Total: 9.791900 ms (FindLiveObjects: 0.307500 ms CreateObjectMapping: 0.426900 ms MarkObjects: 8.949400 ms  DeleteObjects: 0.105600 ms)

========================================================================
Received Prepare
Registering precompiled user dll's ...
Registered in 0.002939 seconds.
Begin MonoManager ReloadAssembly
Native extension for WindowsStandalone target not found
Refreshing native plugins compatible for Editor in 0.49 ms, found 0 plugins.
Preloading 0 native plugins for Editor in 0.00 ms.
Invoked RoslynAnalysisRunner static constructor.
RoslynAnalysisRunner will not be running.
RoslynAnalysisRunner has terminated.
Mono: successfully reloaded assembly
- Completed reload, in  2.933 seconds
Platform modules already initialized, skipping
Refreshing native plugins compatible for Editor in 0.44 ms, found 0 plugins.
Preloading 0 native plugins for Editor in 0.00 ms.
Unloading 1153 Unused Serialized files (Serialized files now loaded: 0)
System memory in use before: 62.1 MB.
System memory in use after: 62.1 MB.

Unloading 5 unused Assets to reduce memory usage. Loaded Objects now: 1674.
Total: 20.127100 ms (FindLiveObjects: 0.313600 ms CreateObjectMapping: 0.118100 ms MarkObjects: 19.600900 ms  DeleteObjects: 0.092200 ms)

========================================================================
Received Prepare
Registering precompiled user dll's ...
Registered in 0.001192 seconds.
Begin MonoManager ReloadAssembly
Native extension for WindowsStandalone target not found
Refreshing native plugins compatible for Editor in 0.61 ms, found 0 plugins.
Preloading 0 native plugins for Editor in 0.00 ms.
Invoked RoslynAnalysisRunner static constructor.
RoslynAnalysisRunner will not be running.
RoslynAnalysisRunner has terminated.
Mono: successfully reloaded assembly
- Completed reload, in  2.967 seconds
Platform modules already initialized, skipping
Refreshing native plugins compatible for Editor in 0.47 ms, found 0 plugins.
Preloading 0 native plugins for Editor in 0.00 ms.
Unloading 1153 Unused Serialized files (Serialized files now loaded: 0)
System memory in use before: 62.1 MB.
System memory in use after: 62.1 MB.

Unloading 5 unused Assets to reduce memory usage. Loaded Objects now: 1677.
Total: 10.790800 ms (FindLiveObjects: 0.589500 ms CreateObjectMapping: 0.122600 ms MarkObjects: 9.980300 ms  DeleteObjects: 0.095900 ms)

========================================================================
Received Prepare
Registering precompiled user dll's ...
Registered in 0.001440 seconds.
Begin MonoManager ReloadAssembly
Native extension for WindowsStandalone target not found
Refreshing native plugins compatible for Editor in 0.61 ms, found 0 plugins.
Preloading 0 native plugins for Editor in 0.00 ms.
Invoked RoslynAnalysisRunner static constructor.
RoslynAnalysisRunner will not be running.
RoslynAnalysisRunner has terminated.
Mono: successfully reloaded assembly
- Completed reload, in  3.079 seconds
Platform modules already initialized, skipping
Refreshing native plugins compatible for Editor in 0.42 ms, found 0 plugins.
Preloading 0 native plugins for Editor in 0.00 ms.
Unloading 1153 Unused Serialized files (Serialized files now loaded: 0)
System memory in use before: 62.1 MB.
System memory in use after: 62.1 MB.

Unloading 5 unused Assets to reduce memory usage. Loaded Objects now: 1680.
Total: 7.299900 ms (FindLiveObjects: 0.363500 ms CreateObjectMapping: 0.122000 ms MarkObjects: 6.713800 ms  DeleteObjects: 0.097400 ms)

========================================================================
Received Prepare
Registering precompiled user dll's ...
Registered in 0.002862 seconds.
Begin MonoManager ReloadAssembly
Native extension for WindowsStandalone target not found
Refreshing native plugins compatible for Editor in 0.48 ms, found 0 plugins.
Preloading 0 native plugins for Editor in 0.00 ms.
Invoked RoslynAnalysisRunner static constructor.
RoslynAnalysisRunner will not be running.
RoslynAnalysisRunner has terminated.
Mono: successfully reloaded assembly
- Completed reload, in  2.954 seconds
Platform modules already initialized, skipping
Refreshing native plugins compatible for Editor in 0.49 ms, found 0 plugins.
Preloading 0 native plugins for Editor in 0.00 ms.
Unloading 1153 Unused Serialized files (Serialized files now loaded: 0)
System memory in use before: 62.1 MB.
System memory in use after: 62.2 MB.

Unloading 5 unused Assets to reduce memory usage. Loaded Objects now: 1683.
Total: 6.725600 ms (FindLiveObjects: 0.346700 ms CreateObjectMapping: 0.135400 ms MarkObjects: 6.139300 ms  DeleteObjects: 0.101200 ms)

========================================================================
Received Prepare
Registering precompiled user dll's ...
Registered in 0.001464 seconds.
Begin MonoManager ReloadAssembly
Native extension for WindowsStandalone target not found
Refreshing native plugins compatible for Editor in 0.52 ms, found 0 plugins.
Preloading 0 native plugins for Editor in 0.00 ms.
Invoked RoslynAnalysisRunner static constructor.
RoslynAnalysisRunner will not be running.
RoslynAnalysisRunner has terminated.
Mono: successfully reloaded assembly
- Completed reload, in  2.615 seconds
Platform modules already initialized, skipping
Refreshing native plugins compatible for Editor in 0.46 ms, found 0 plugins.
Preloading 0 native plugins for Editor in 0.00 ms.
Unloading 1153 Unused Serialized files (Serialized files now loaded: 0)
System memory in use before: 62.1 MB.
System memory in use after: 62.2 MB.

Unloading 5 unused Assets to reduce memory usage. Loaded Objects now: 1686.
Total: 3.978700 ms (FindLiveObjects: 0.356300 ms CreateObjectMapping: 0.136900 ms MarkObjects: 3.388700 ms  DeleteObjects: 0.094200 ms)

========================================================================
Received Prepare
Registering precompiled user dll's ...
Registered in 0.001678 seconds.
Begin MonoManager ReloadAssembly
Native extension for WindowsStandalone target not found
Refreshing native plugins compatible for Editor in 0.59 ms, found 0 plugins.
Preloading 0 native plugins for Editor in 0.00 ms.
Invoked RoslynAnalysisRunner static constructor.
RoslynAnalysisRunner will not be running.
RoslynAnalysisRunner has terminated.
Mono: successfully reloaded assembly
- Completed reload, in  2.686 seconds
Platform modules already initialized, skipping
Refreshing native plugins compatible for Editor in 0.30 ms, found 0 plugins.
Preloading 0 native plugins for Editor in 0.00 ms.
Unloading 1153 Unused Serialized files (Serialized files now loaded: 0)
System memory in use before: 62.1 MB.
System memory in use after: 62.2 MB.

Unloading 5 unused Assets to reduce memory usage. Loaded Objects now: 1689.
Total: 5.328200 ms (FindLiveObjects: 0.267800 ms CreateObjectMapping: 0.082600 ms MarkObjects: 4.882600 ms  DeleteObjects: 0.092600 ms)

========================================================================
Received Prepare
Registering precompiled user dll's ...
Registered in 0.002144 seconds.
Begin MonoManager ReloadAssembly
Native extension for WindowsStandalone target not found
Refreshing native plugins compatible for Editor in 0.31 ms, found 0 plugins.
Preloading 0 native plugins for Editor in 0.00 ms.
Invoked RoslynAnalysisRunner static constructor.
RoslynAnalysisRunner will not be running.
RoslynAnalysisRunner has terminated.
Mono: successfully reloaded assembly
- Completed reload, in  4.174 seconds
Platform modules already initialized, skipping
Refreshing native plugins compatible for Editor in 0.55 ms, found 0 plugins.
Preloading 0 native plugins for Editor in 0.00 ms.
Unloading 1153 Unused Serialized files (Serialized files now loaded: 0)
System memory in use before: 62.1 MB.
System memory in use after: 62.2 MB.

Unloading 5 unused Assets to reduce memory usage. Loaded Objects now: 1692.
Total: 3.668000 ms (FindLiveObjects: 0.290600 ms CreateObjectMapping: 0.090500 ms MarkObjects: 3.184300 ms  DeleteObjects: 0.100200 ms)

========================================================================
Received Prepare
Registering precompiled user dll's ...
Registered in 0.001668 seconds.
Begin MonoManager ReloadAssembly
Native extension for WindowsStandalone target not found
Refreshing native plugins compatible for Editor in 0.44 ms, found 0 plugins.
Preloading 0 native plugins for Editor in 0.00 ms.
Invoked RoslynAnalysisRunner static constructor.
RoslynAnalysisRunner will not be running.
RoslynAnalysisRunner has terminated.
Mono: successfully reloaded assembly
- Completed reload, in  3.346 seconds
Platform modules already initialized, skipping
Refreshing native plugins compatible for Editor in 0.84 ms, found 0 plugins.
Preloading 0 native plugins for Editor in 0.00 ms.
Unloading 1153 Unused Serialized files (Serialized files now loaded: 0)
System memory in use before: 62.1 MB.
System memory in use after: 62.2 MB.

Unloading 5 unused Assets to reduce memory usage. Loaded Objects now: 1695.
Total: 5.700100 ms (FindLiveObjects: 1.130100 ms CreateObjectMapping: 0.174000 ms MarkObjects: 4.299100 ms  DeleteObjects: 0.094600 ms)

========================================================================
Received Import Request.
  Time since last request: 782.447535 seconds.
  path: Assets/Prefabs/Miscellaneous/Resource Button.prefab
  artifactKey: Guid(74a251d18c8e6014eb313faedfd388fe) Importer(815301076,1909f56bfc062723c751e8b465ee728b)
Start importing Assets/Prefabs/Miscellaneous/Resource Button.prefab using Guid(74a251d18c8e6014eb313faedfd388fe) Importer(815301076,1909f56bfc062723c751e8b465ee728b)  -> (artifact id: '50872a730a88d1220e16ee80386715c2') in 0.107146 seconds
  Import took 0.111307 seconds .

========================================================================
Received Prepare
Registering precompiled user dll's ...
Registered in 0.002074 seconds.
Begin MonoManager ReloadAssembly
Native extension for WindowsStandalone target not found
Refreshing native plugins compatible for Editor in 0.48 ms, found 0 plugins.
Preloading 0 native plugins for Editor in 0.00 ms.
Invoked RoslynAnalysisRunner static constructor.
RoslynAnalysisRunner will not be running.
RoslynAnalysisRunner has terminated.
Mono: successfully reloaded assembly
- Completed reload, in  2.590 seconds
Platform modules already initialized, skipping
Refreshing native plugins compatible for Editor in 0.44 ms, found 0 plugins.
Preloading 0 native plugins for Editor in 0.00 ms.
Unloading 1153 Unused Serialized files (Serialized files now loaded: 0)
System memory in use before: 62.1 MB.
System memory in use after: 62.2 MB.

Unloading 6 unused Assets to reduce memory usage. Loaded Objects now: 1698.
Total: 4.310900 ms (FindLiveObjects: 0.328800 ms CreateObjectMapping: 0.085000 ms MarkObjects: 3.792300 ms  DeleteObjects: 0.102400 ms)

========================================================================
Received Prepare
Registering precompiled user dll's ...
Registered in 0.001720 seconds.
Begin MonoManager ReloadAssembly
Native extension for WindowsStandalone target not found
Refreshing native plugins compatible for Editor in 0.31 ms, found 0 plugins.
Preloading 0 native plugins for Editor in 0.00 ms.
Invoked RoslynAnalysisRunner static constructor.
RoslynAnalysisRunner will not be running.
RoslynAnalysisRunner has terminated.
Mono: successfully reloaded assembly
- Completed reload, in  3.221 seconds
Platform modules already initialized, skipping
Refreshing native plugins compatible for Editor in 0.47 ms, found 0 plugins.
Preloading 0 native plugins for Editor in 0.00 ms.
Unloading 1153 Unused Serialized files (Serialized files now loaded: 0)
System memory in use before: 62.1 MB.
System memory in use after: 62.2 MB.

Unloading 5 unused Assets to reduce memory usage. Loaded Objects now: 1701.
Total: 4.913000 ms (FindLiveObjects: 0.419000 ms CreateObjectMapping: 0.121800 ms MarkObjects: 4.227200 ms  DeleteObjects: 0.141900 ms)

========================================================================
Received Prepare
Registering precompiled user dll's ...
Registered in 0.004207 seconds.
Begin MonoManager ReloadAssembly
Native extension for WindowsStandalone target not found
Refreshing native plugins compatible for Editor in 0.61 ms, found 0 plugins.
Preloading 0 native plugins for Editor in 0.00 ms.
Invoked RoslynAnalysisRunner static constructor.
RoslynAnalysisRunner will not be running.
RoslynAnalysisRunner has terminated.
Mono: successfully reloaded assembly
- Completed reload, in  3.727 seconds
Platform modules already initialized, skipping
Refreshing native plugins compatible for Editor in 0.43 ms, found 0 plugins.
Preloading 0 native plugins for Editor in 0.00 ms.
Unloading 1153 Unused Serialized files (Serialized files now loaded: 0)
System memory in use before: 62.1 MB.
System memory in use after: 62.2 MB.

Unloading 5 unused Assets to reduce memory usage. Loaded Objects now: 1704.
Total: 5.101500 ms (FindLiveObjects: 0.323300 ms CreateObjectMapping: 0.111600 ms MarkObjects: 4.566500 ms  DeleteObjects: 0.097400 ms)

========================================================================
Received Prepare
Registering precompiled user dll's ...
Registered in 0.001644 seconds.
Begin MonoManager ReloadAssembly
Native extension for WindowsStandalone target not found
Refreshing native plugins compatible for Editor in 0.31 ms, found 0 plugins.
Preloading 0 native plugins for Editor in 0.00 ms.
Invoked RoslynAnalysisRunner static constructor.
RoslynAnalysisRunner will not be running.
RoslynAnalysisRunner has terminated.
Mono: successfully reloaded assembly
- Completed reload, in  3.067 seconds
Platform modules already initialized, skipping
Refreshing native plugins compatible for Editor in 0.34 ms, found 0 plugins.
Preloading 0 native plugins for Editor in 0.00 ms.
Unloading 1153 Unused Serialized files (Serialized files now loaded: 0)
System memory in use before: 62.2 MB.
System memory in use after: 62.2 MB.

Unloading 5 unused Assets to reduce memory usage. Loaded Objects now: 1707.
Total: 3.723100 ms (FindLiveObjects: 0.335100 ms CreateObjectMapping: 0.116800 ms MarkObjects: 3.178500 ms  DeleteObjects: 0.090100 ms)

========================================================================
Received Prepare
Registering precompiled user dll's ...
Registered in 0.003475 seconds.
Begin MonoManager ReloadAssembly
Native extension for WindowsStandalone target not found
Refreshing native plugins compatible for Editor in 0.52 ms, found 0 plugins.
Preloading 0 native plugins for Editor in 0.00 ms.
Invoked RoslynAnalysisRunner static constructor.
RoslynAnalysisRunner will not be running.
RoslynAnalysisRunner has terminated.
Mono: successfully reloaded assembly
- Completed reload, in  3.343 seconds
Platform modules already initialized, skipping
Refreshing native plugins compatible for Editor in 1.22 ms, found 0 plugins.
Preloading 0 native plugins for Editor in 0.00 ms.
Unloading 1153 Unused Serialized files (Serialized files now loaded: 0)
System memory in use before: 62.2 MB.
System memory in use after: 62.2 MB.

Unloading 5 unused Assets to reduce memory usage. Loaded Objects now: 1710.
Total: 4.281400 ms (FindLiveObjects: 0.409100 ms CreateObjectMapping: 0.126300 ms MarkObjects: 3.642900 ms  DeleteObjects: 0.100700 ms)

========================================================================
Received Prepare
Registering precompiled user dll's ...
Registered in 0.001975 seconds.
Begin MonoManager ReloadAssembly
Native extension for WindowsStandalone target not found
Refreshing native plugins compatible for Editor in 0.46 ms, found 0 plugins.
Preloading 0 native plugins for Editor in 0.00 ms.
Invoked RoslynAnalysisRunner static constructor.
RoslynAnalysisRunner will not be running.
RoslynAnalysisRunner has terminated.
Mono: successfully reloaded assembly
- Completed reload, in  3.047 seconds
Platform modules already initialized, skipping
Refreshing native plugins compatible for Editor in 0.53 ms, found 0 plugins.
Preloading 0 native plugins for Editor in 0.00 ms.
Unloading 1153 Unused Serialized files (Serialized files now loaded: 0)
System memory in use before: 62.2 MB.
System memory in use after: 62.2 MB.

Unloading 5 unused Assets to reduce memory usage. Loaded Objects now: 1713.
Total: 3.366400 ms (FindLiveObjects: 0.300700 ms CreateObjectMapping: 0.087000 ms MarkObjects: 2.881100 ms  DeleteObjects: 0.095200 ms)

========================================================================
Received Prepare
Registering precompiled user dll's ...
Registered in 0.002006 seconds.
Begin MonoManager ReloadAssembly
Native extension for WindowsStandalone target not found
Refreshing native plugins compatible for Editor in 0.45 ms, found 0 plugins.
Preloading 0 native plugins for Editor in 0.00 ms.
Invoked RoslynAnalysisRunner static constructor.
RoslynAnalysisRunner will not be running.
RoslynAnalysisRunner has terminated.
Mono: successfully reloaded assembly
- Completed reload, in  2.854 seconds
Platform modules already initialized, skipping
Refreshing native plugins compatible for Editor in 0.58 ms, found 0 plugins.
Preloading 0 native plugins for Editor in 0.00 ms.
Unloading 1153 Unused Serialized files (Serialized files now loaded: 0)
System memory in use before: 62.2 MB.
System memory in use after: 62.2 MB.

Unloading 5 unused Assets to reduce memory usage. Loaded Objects now: 1716.
Total: 4.563100 ms (FindLiveObjects: 0.534000 ms CreateObjectMapping: 0.195300 ms MarkObjects: 3.737400 ms  DeleteObjects: 0.093600 ms)

========================================================================
Received Prepare
Registering precompiled user dll's ...
Registered in 0.002243 seconds.
Begin MonoManager ReloadAssembly
Native extension for WindowsStandalone target not found
Refreshing native plugins compatible for Editor in 0.71 ms, found 0 plugins.
Preloading 0 native plugins for Editor in 0.00 ms.
Invoked RoslynAnalysisRunner static constructor.
RoslynAnalysisRunner will not be running.
RoslynAnalysisRunner has terminated.
Mono: successfully reloaded assembly
- Completed reload, in  2.992 seconds
Platform modules already initialized, skipping
Refreshing native plugins compatible for Editor in 0.33 ms, found 0 plugins.
Preloading 0 native plugins for Editor in 0.00 ms.
Unloading 1153 Unused Serialized files (Serialized files now loaded: 0)
System memory in use before: 62.2 MB.
System memory in use after: 62.2 MB.

Unloading 5 unused Assets to reduce memory usage. Loaded Objects now: 1719.
Total: 2.889100 ms (FindLiveObjects: 0.486300 ms CreateObjectMapping: 0.111900 ms MarkObjects: 2.208500 ms  DeleteObjects: 0.080200 ms)

========================================================================
Received Import Request.
  Time since last request: 628.641876 seconds.
  path: Assets/Prefabs/Miscellaneous/Resource Button.prefab
  artifactKey: Guid(74a251d18c8e6014eb313faedfd388fe) Importer(815301076,1909f56bfc062723c751e8b465ee728b)
Start importing Assets/Prefabs/Miscellaneous/Resource Button.prefab using Guid(74a251d18c8e6014eb313faedfd388fe) Importer(815301076,1909f56bfc062723c751e8b465ee728b)  -> (artifact id: 'deb17b948779d52aa829466a1084405d') in 0.089695 seconds
  Import took 0.094535 seconds .

========================================================================
Received Import Request.
  Time since last request: 0.009336 seconds.
  path: Assets/Prefabs/Miscellaneous/Resource Button.prefab
  artifactKey: Guid(74a251d18c8e6014eb313faedfd388fe) Importer(815301076,1909f56bfc062723c751e8b465ee728b)
Start importing Assets/Prefabs/Miscellaneous/Resource Button.prefab using Guid(74a251d18c8e6014eb313faedfd388fe) Importer(815301076,1909f56bfc062723c751e8b465ee728b)  -> (artifact id: 'deb17b948779d52aa829466a1084405d') in 0.012616 seconds
  Import took 0.017359 seconds .

========================================================================
Received Prepare
Registering precompiled user dll's ...
Registered in 0.001715 seconds.
Begin MonoManager ReloadAssembly
Native extension for WindowsStandalone target not found
Refreshing native plugins compatible for Editor in 0.54 ms, found 0 plugins.
Preloading 0 native plugins for Editor in 0.00 ms.
Invoked RoslynAnalysisRunner static constructor.
RoslynAnalysisRunner will not be running.
RoslynAnalysisRunner has terminated.
Mono: successfully reloaded assembly
- Completed reload, in  2.971 seconds
Platform modules already initialized, skipping
Refreshing native plugins compatible for Editor in 0.44 ms, found 0 plugins.
Preloading 0 native plugins for Editor in 0.00 ms.
Unloading 1153 Unused Serialized files (Serialized files now loaded: 0)
System memory in use before: 62.2 MB.
System memory in use after: 62.3 MB.

Unloading 6 unused Assets to reduce memory usage. Loaded Objects now: 1722.
Total: 5.668600 ms (FindLiveObjects: 0.341100 ms CreateObjectMapping: 0.128700 ms MarkObjects: 5.088100 ms  DeleteObjects: 0.107200 ms)

========================================================================
Received Prepare
Registering precompiled user dll's ...
Registered in 0.001233 seconds.
Begin MonoManager ReloadAssembly
Native extension for WindowsStandalone target not found
Refreshing native plugins compatible for Editor in 0.46 ms, found 0 plugins.
Preloading 0 native plugins for Editor in 0.00 ms.
Invoked RoslynAnalysisRunner static constructor.
RoslynAnalysisRunner will not be running.
RoslynAnalysisRunner has terminated.
Mono: successfully reloaded assembly
- Completed reload, in  2.421 seconds
Platform modules already initialized, skipping
Refreshing native plugins compatible for Editor in 0.38 ms, found 0 plugins.
Preloading 0 native plugins for Editor in 0.00 ms.
Unloading 1153 Unused Serialized files (Serialized files now loaded: 0)
System memory in use before: 62.2 MB.
System memory in use after: 62.3 MB.

Unloading 5 unused Assets to reduce memory usage. Loaded Objects now: 1725.
Total: 3.815800 ms (FindLiveObjects: 0.590700 ms CreateObjectMapping: 0.137700 ms MarkObjects: 2.986200 ms  DeleteObjects: 0.098800 ms)

========================================================================
Received Prepare
Registering precompiled user dll's ...
Registered in 0.001634 seconds.
Begin MonoManager ReloadAssembly
Native extension for WindowsStandalone target not found
Refreshing native plugins compatible for Editor in 0.59 ms, found 0 plugins.
Preloading 0 native plugins for Editor in 0.00 ms.
Invoked RoslynAnalysisRunner static constructor.
RoslynAnalysisRunner will not be running.
RoslynAnalysisRunner has terminated.
Mono: successfully reloaded assembly
- Completed reload, in  2.547 seconds
Platform modules already initialized, skipping
Refreshing native plugins compatible for Editor in 0.55 ms, found 0 plugins.
Preloading 0 native plugins for Editor in 0.00 ms.
Unloading 1153 Unused Serialized files (Serialized files now loaded: 0)
System memory in use before: 62.2 MB.
System memory in use after: 62.3 MB.

Unloading 5 unused Assets to reduce memory usage. Loaded Objects now: 1728.
Total: 4.553200 ms (FindLiveObjects: 0.698800 ms CreateObjectMapping: 0.151000 ms MarkObjects: 3.598900 ms  DeleteObjects: 0.102400 ms)

========================================================================
Received Import Request.
  Time since last request: 304.004478 seconds.
  path: Assets/Prefabs/Places/Cubicle.prefab
  artifactKey: Guid(1b134b1c5bdecf14e936ab0619fcf833) Importer(815301076,1909f56bfc062723c751e8b465ee728b)
Start importing Assets/Prefabs/Places/Cubicle.prefab using Guid(1b134b1c5bdecf14e936ab0619fcf833) Importer(815301076,1909f56bfc062723c751e8b465ee728b)  -> (artifact id: '7fc9fed544a59dcd2ac20d219cae16ba') in 0.151136 seconds
  Import took 0.156320 seconds .

========================================================================
Received Prepare
Registering precompiled user dll's ...
Registered in 0.001685 seconds.
Begin MonoManager ReloadAssembly
Native extension for WindowsStandalone target not found
Refreshing native plugins compatible for Editor in 0.43 ms, found 0 plugins.
Preloading 0 native plugins for Editor in 0.00 ms.
Invoked RoslynAnalysisRunner static constructor.
RoslynAnalysisRunner will not be running.
RoslynAnalysisRunner has terminated.
Mono: successfully reloaded assembly
- Completed reload, in  2.181 seconds
Platform modules already initialized, skipping
Refreshing native plugins compatible for Editor in 0.52 ms, found 0 plugins.
Preloading 0 native plugins for Editor in 0.00 ms.
Unloading 1153 Unused Serialized files (Serialized files now loaded: 0)
System memory in use before: 62.2 MB.
System memory in use after: 62.3 MB.

Unloading 5 unused Assets to reduce memory usage. Loaded Objects now: 1732.
Total: 4.957500 ms (FindLiveObjects: 0.469100 ms CreateObjectMapping: 0.532400 ms MarkObjects: 3.860000 ms  DeleteObjects: 0.093500 ms)

========================================================================
Received Prepare
Registering precompiled user dll's ...
Registered in 0.001707 seconds.
Begin MonoManager ReloadAssembly
Native extension for WindowsStandalone target not found
Refreshing native plugins compatible for Editor in 0.58 ms, found 0 plugins.
Preloading 0 native plugins for Editor in 0.00 ms.
Invoked RoslynAnalysisRunner static constructor.
RoslynAnalysisRunner will not be running.
RoslynAnalysisRunner has terminated.
Mono: successfully reloaded assembly
- Completed reload, in  3.276 seconds
Platform modules already initialized, skipping
Refreshing native plugins compatible for Editor in 0.44 ms, found 0 plugins.
Preloading 0 native plugins for Editor in 0.00 ms.
Unloading 1153 Unused Serialized files (Serialized files now loaded: 0)
System memory in use before: 62.2 MB.
System memory in use after: 62.3 MB.

Unloading 5 unused Assets to reduce memory usage. Loaded Objects now: 1735.
Total: 3.581300 ms (FindLiveObjects: 0.285700 ms CreateObjectMapping: 0.130100 ms MarkObjects: 3.066800 ms  DeleteObjects: 0.096500 ms)

========================================================================
Received Prepare
Registering precompiled user dll's ...
Registered in 0.001838 seconds.
Begin MonoManager ReloadAssembly
Native extension for WindowsStandalone target not found
Refreshing native plugins compatible for Editor in 0.31 ms, found 0 plugins.
Preloading 0 native plugins for Editor in 0.00 ms.
Invoked RoslynAnalysisRunner static constructor.
RoslynAnalysisRunner will not be running.
RoslynAnalysisRunner has terminated.
Mono: successfully reloaded assembly
- Completed reload, in  3.087 seconds
Platform modules already initialized, skipping
Refreshing native plugins compatible for Editor in 0.45 ms, found 0 plugins.
Preloading 0 native plugins for Editor in 0.00 ms.
Unloading 1153 Unused Serialized files (Serialized files now loaded: 0)
System memory in use before: 62.2 MB.
System memory in use after: 62.3 MB.

Unloading 5 unused Assets to reduce memory usage. Loaded Objects now: 1738.
Total: 3.909100 ms (FindLiveObjects: 0.318300 ms CreateObjectMapping: 0.090400 ms MarkObjects: 3.403300 ms  DeleteObjects: 0.094400 ms)

========================================================================
Received Prepare
Registering precompiled user dll's ...
Registered in 0.001833 seconds.
Begin MonoManager ReloadAssembly
Native extension for WindowsStandalone target not found
Refreshing native plugins compatible for Editor in 0.46 ms, found 0 plugins.
Preloading 0 native plugins for Editor in 0.00 ms.
Invoked RoslynAnalysisRunner static constructor.
RoslynAnalysisRunner will not be running.
RoslynAnalysisRunner has terminated.
Mono: successfully reloaded assembly
- Completed reload, in  2.614 seconds
Platform modules already initialized, skipping
Refreshing native plugins compatible for Editor in 0.44 ms, found 0 plugins.
Preloading 0 native plugins for Editor in 0.00 ms.
Unloading 1153 Unused Serialized files (Serialized files now loaded: 0)
System memory in use before: 62.2 MB.
System memory in use after: 62.3 MB.

Unloading 5 unused Assets to reduce memory usage. Loaded Objects now: 1741.
Total: 5.194000 ms (FindLiveObjects: 1.147100 ms CreateObjectMapping: 0.131600 ms MarkObjects: 3.824300 ms  DeleteObjects: 0.088200 ms)

========================================================================
Received Prepare
Registering precompiled user dll's ...
Registered in 0.001980 seconds.
Begin MonoManager ReloadAssembly
Native extension for WindowsStandalone target not found
Refreshing native plugins compatible for Editor in 0.50 ms, found 0 plugins.
Preloading 0 native plugins for Editor in 0.00 ms.
Invoked RoslynAnalysisRunner static constructor.
RoslynAnalysisRunner will not be running.
RoslynAnalysisRunner has terminated.
Mono: successfully reloaded assembly
- Completed reload, in  3.485 seconds
Platform modules already initialized, skipping
Refreshing native plugins compatible for Editor in 0.35 ms, found 0 plugins.
Preloading 0 native plugins for Editor in 0.00 ms.
Unloading 1153 Unused Serialized files (Serialized files now loaded: 0)
System memory in use before: 62.2 MB.
System memory in use after: 62.3 MB.

Unloading 5 unused Assets to reduce memory usage. Loaded Objects now: 1744.
Total: 4.571500 ms (FindLiveObjects: 0.446100 ms CreateObjectMapping: 0.114300 ms MarkObjects: 3.904500 ms  DeleteObjects: 0.103800 ms)

========================================================================
Received Prepare
Registering precompiled user dll's ...
Registered in 0.001163 seconds.
Begin MonoManager ReloadAssembly
Native extension for WindowsStandalone target not found
Refreshing native plugins compatible for Editor in 0.46 ms, found 0 plugins.
Preloading 0 native plugins for Editor in 0.00 ms.
Invoked RoslynAnalysisRunner static constructor.
RoslynAnalysisRunner will not be running.
RoslynAnalysisRunner has terminated.
Mono: successfully reloaded assembly
- Completed reload, in  2.798 seconds
Platform modules already initialized, skipping
Refreshing native plugins compatible for Editor in 0.44 ms, found 0 plugins.
Preloading 0 native plugins for Editor in 0.00 ms.
Unloading 1153 Unused Serialized files (Serialized files now loaded: 0)
System memory in use before: 62.2 MB.
System memory in use after: 62.3 MB.

Unloading 5 unused Assets to reduce memory usage. Loaded Objects now: 1747.
Total: 5.943600 ms (FindLiveObjects: 0.486400 ms CreateObjectMapping: 0.127500 ms MarkObjects: 5.220700 ms  DeleteObjects: 0.105700 ms)

========================================================================
Received Prepare
Registering precompiled user dll's ...
Registered in 0.001555 seconds.
Begin MonoManager ReloadAssembly
Native extension for WindowsStandalone target not found
Refreshing native plugins compatible for Editor in 0.42 ms, found 0 plugins.
Preloading 0 native plugins for Editor in 0.00 ms.
Invoked RoslynAnalysisRunner static constructor.
RoslynAnalysisRunner will not be running.
RoslynAnalysisRunner has terminated.
Mono: successfully reloaded assembly
- Completed reload, in  2.961 seconds
Platform modules already initialized, skipping
Refreshing native plugins compatible for Editor in 0.48 ms, found 0 plugins.
Preloading 0 native plugins for Editor in 0.00 ms.
Unloading 1153 Unused Serialized files (Serialized files now loaded: 0)
System memory in use before: 62.2 MB.
System memory in use after: 62.3 MB.

Unloading 5 unused Assets to reduce memory usage. Loaded Objects now: 1750.
Total: 7.475000 ms (FindLiveObjects: 0.560100 ms CreateObjectMapping: 0.123400 ms MarkObjects: 6.667000 ms  DeleteObjects: 0.121500 ms)

========================================================================
Received Import Request.
  Time since last request: 1105.986646 seconds.
  path: Assets/Prefabs/Places/Cubicle.prefab
  artifactKey: Guid(1b134b1c5bdecf14e936ab0619fcf833) Importer(815301076,1909f56bfc062723c751e8b465ee728b)
Start importing Assets/Prefabs/Places/Cubicle.prefab using Guid(1b134b1c5bdecf14e936ab0619fcf833) Importer(815301076,1909f56bfc062723c751e8b465ee728b)  -> (artifact id: '9464448f76dfd0ae23373738ac193c24') in 0.183768 seconds
  Import took 0.190656 seconds .

========================================================================
Received Import Request.
  Time since last request: 4.467540 seconds.
  path: Assets/Prefabs/Places/Office.prefab
  artifactKey: Guid(a32ea837f7a0649dc8c4040fa1a4170a) Importer(815301076,1909f56bfc062723c751e8b465ee728b)
Start importing Assets/Prefabs/Places/Office.prefab using Guid(a32ea837f7a0649dc8c4040fa1a4170a) Importer(815301076,1909f56bfc062723c751e8b465ee728b)  -> (artifact id: 'c4861857063bf17d7773a639347dc12a') in 0.066524 seconds
  Import took 0.079228 seconds .

AssetImportWorkerClient::OnTransportError - code=2 error=End of file
