Using pre-set license
Built from '2020.3/staging' branch; Version is '2020.3.3f1 (76626098c1c4) revision 7758432'; Using compiler version '192528614'; Build Type 'Release'
OS: 'Windows 10 Home Single Language; OS build 19042.1415; Version 2009; 64bit' Language: 'en' Physical Memory: 16275 MB
BatchMode: 1, IsHumanControllingUs: 0, StartBugReporterOnCrash: 0, Is64bit: 1, IsPro: 0

 COMMAND LINE ARGUMENTS:
C:\Program Files\Unity\Hub\Editor\2020.3.3f1\Editor\Unity.exe
-adb2
-batchMode
-noUpm
-name
AssetImportWorker0
-projectPath
C:/Users/KIIT/Documents/Unity/Projects/GOAP Hospital
-logFile
Logs/AssetImportWorker0.log
-srvPort
53747
Successfully changed project path to: C:/Users/KIIT/Documents/Unity/Projects/GOAP Hospital
C:/Users/KIIT/Documents/Unity/Projects/GOAP Hospital
Using Asset Import Pipeline V2.
Refreshing native plugins compatible for Editor in 39.90 ms, found 0 plugins.
Preloading 0 native plugins for Editor in 0.00 ms.
Initialize engine version: 2020.3.3f1 (76626098c1c4)
[Subsystems] Discovering subsystems at path C:/Program Files/Unity/Hub/Editor/2020.3.3f1/Editor/Data/Resources/UnitySubsystems
[Subsystems] Discovering subsystems at path C:/Users/KIIT/Documents/Unity/Projects/GOAP Hospital/Assets
GfxDevice: creating device client; threaded=0
Direct3D:
    Version:  Direct3D 11.0 [level 11.0]
    Renderer: NVIDIA GeForce MX130 (ID=0x174d)
    Vendor:   
    VRAM:     2010 MB
    Driver:   30.0.14.7212
Initialize mono
Mono path[0] = 'C:/Program Files/Unity/Hub/Editor/2020.3.3f1/Editor/Data/Managed'
Mono path[1] = 'C:/Program Files/Unity/Hub/Editor/2020.3.3f1/Editor/Data/MonoBleedingEdge/lib/mono/unityjit'
Mono config path = 'C:/Program Files/Unity/Hub/Editor/2020.3.3f1/Editor/Data/MonoBleedingEdge/etc'
Using monoOptions --debugger-agent=transport=dt_socket,embedding=1,server=y,suspend=n,address=127.0.0.1:56204
Begin MonoManager ReloadAssembly
Registering precompiled unity dll's ...
Register platform support module: C:/Program Files/Unity/Hub/Editor/2020.3.3f1/Editor/Data/PlaybackEngines/WindowsStandaloneSupport/UnityEditor.WindowsStandalone.Extensions.dll
Registered in 0.003167 seconds.
Native extension for WindowsStandalone target not found
Refreshing native plugins compatible for Editor in 43.20 ms, found 0 plugins.
Preloading 0 native plugins for Editor in 0.00 ms.
Invoked RoslynAnalysisRunner static constructor.
RoslynAnalysisRunner will not be running.
RoslynAnalysisRunner has terminated.
Mono: successfully reloaded assembly
- Completed reload, in  4.398 seconds
Platform modules already initialized, skipping
Registering precompiled user dll's ...
Registered in 0.001785 seconds.
Begin MonoManager ReloadAssembly
Native extension for WindowsStandalone target not found
Refreshing native plugins compatible for Editor in 0.28 ms, found 0 plugins.
Preloading 0 native plugins for Editor in 0.00 ms.
Invoked RoslynAnalysisRunner static constructor.
RoslynAnalysisRunner will not be running.
RoslynAnalysisRunner has terminated.
Mono: successfully reloaded assembly
- Completed reload, in  1.654 seconds
Platform modules already initialized, skipping
========================================================================
Worker process is ready to serve import requests
Launched and connected shader compiler UnityShaderCompiler.exe after 0.19 seconds
Refreshing native plugins compatible for Editor in 0.29 ms, found 0 plugins.
Preloading 0 native plugins for Editor in 0.00 ms.
Unloading 1142 Unused Serialized files (Serialized files now loaded: 0)
System memory in use before: 57.9 MB.
System memory in use after: 58.0 MB.

Unloading 10 unused Assets to reduce memory usage. Loaded Objects now: 1586.
Total: 2.779300 ms (FindLiveObjects: 0.324200 ms CreateObjectMapping: 0.113300 ms MarkObjects: 2.226400 ms  DeleteObjects: 0.112900 ms)

========================================================================
Received Import Request.
  path: Assets/Janitor.prefab
  artifactKey: Guid(48824e5942afc4b5ea86751dcde7ad1a) Importer(815301076,1909f56bfc062723c751e8b465ee728b)
Start importing Assets/Janitor.prefab using Guid(48824e5942afc4b5ea86751dcde7ad1a) Importer(815301076,1909f56bfc062723c751e8b465ee728b)  -> (artifact id: '5daef4a147df7706e3de1c911c4ff81f') in 0.281479 seconds
  Import took 0.292531 seconds .

========================================================================
Received Import Request.
  Time since last request: 0.622777 seconds.
  path: Assets/puddle.prefab
  artifactKey: Guid(2f67e1b06640349c7a33a29963d525ff) Importer(815301076,1909f56bfc062723c751e8b465ee728b)
Start importing Assets/puddle.prefab using Guid(2f67e1b06640349c7a33a29963d525ff) Importer(815301076,1909f56bfc062723c751e8b465ee728b)  -> (artifact id: 'a7065679aa874f22dfc1f18762825d23') in 0.022465 seconds
  Import took 0.027011 seconds .

========================================================================
Received Import Request.
  Time since last request: 4.627233 seconds.
  path: Assets/Prefabs/Bamboo.fbx
  artifactKey: Guid(69243ecc647674c34950ef6f96d3133f) Importer(815301076,1909f56bfc062723c751e8b465ee728b)
Start importing Assets/Prefabs/Bamboo.fbx using Guid(69243ecc647674c34950ef6f96d3133f) Importer(815301076,1909f56bfc062723c751e8b465ee728b)  -> (artifact id: '70319a4aae6bf41e322ad101992d4c5d') in 0.278204 seconds
  Import took 0.281662 seconds .

========================================================================
Received Import Request.
  Time since last request: 42.684316 seconds.
  path: Assets/Prefabs/Puddle.prefab
  artifactKey: Guid(2f67e1b06640349c7a33a29963d525ff) Importer(815301076,1909f56bfc062723c751e8b465ee728b)
Start importing Assets/Prefabs/Puddle.prefab using Guid(2f67e1b06640349c7a33a29963d525ff) Importer(815301076,1909f56bfc062723c751e8b465ee728b)  -> (artifact id: '06deb06921a511cc5202d6b765a6212a') in 0.193779 seconds
  Import took 0.197508 seconds .

========================================================================
Received Import Request.
  Time since last request: 12.817707 seconds.
  path: Assets/Prefabs/Nurse.prefab
  artifactKey: Guid(51e437be22296b340954bf6591a60065) Importer(815301076,1909f56bfc062723c751e8b465ee728b)
Start importing Assets/Prefabs/Nurse.prefab using Guid(51e437be22296b340954bf6591a60065) Importer(815301076,1909f56bfc062723c751e8b465ee728b)  -> (artifact id: '48e6404fcbe2c64f5dcc49208702b691') in 0.028254 seconds
  Import took 0.032158 seconds .

========================================================================
Received Import Request.
  Time since last request: 0.068503 seconds.
  path: Assets/Prefabs/Nurse.prefab
  artifactKey: Guid(51e437be22296b340954bf6591a60065) Importer(815301076,1909f56bfc062723c751e8b465ee728b)
Start importing Assets/Prefabs/Nurse.prefab using Guid(51e437be22296b340954bf6591a60065) Importer(815301076,1909f56bfc062723c751e8b465ee728b)  -> (artifact id: '48e6404fcbe2c64f5dcc49208702b691') in 0.019423 seconds
  Import took 0.022808 seconds .

========================================================================
Received Import Request.
  Time since last request: 1.245551 seconds.
  path: Assets/Prefabs/Office.prefab
  artifactKey: Guid(a32ea837f7a0649dc8c4040fa1a4170a) Importer(815301076,1909f56bfc062723c751e8b465ee728b)
Start importing Assets/Prefabs/Office.prefab using Guid(a32ea837f7a0649dc8c4040fa1a4170a) Importer(815301076,1909f56bfc062723c751e8b465ee728b)  -> (artifact id: '84c3ef9e082d144aa3655aa886e52a3f') in 0.020705 seconds
  Import took 0.024178 seconds .

========================================================================
Received Import Request.
  Time since last request: 17.508500 seconds.
  path: Assets/Prefabs/Puddle.prefab
  artifactKey: Guid(2f67e1b06640349c7a33a29963d525ff) Importer(815301076,1909f56bfc062723c751e8b465ee728b)
Start importing Assets/Prefabs/Puddle.prefab using Guid(2f67e1b06640349c7a33a29963d525ff) Importer(815301076,1909f56bfc062723c751e8b465ee728b)  -> (artifact id: '45d2a3deb4bee10326292694a17c1fe2') in 0.032724 seconds
  Import took 0.037273 seconds .

========================================================================
Received Import Request.
  Time since last request: 4.097775 seconds.
  path: ProjectSettings/TagManager.asset
  artifactKey: Guid(00000000000000003000000000000000) Importer(815301076,1909f56bfc062723c751e8b465ee728b)
Start importing ProjectSettings/TagManager.asset using Guid(00000000000000003000000000000000) Importer(815301076,1909f56bfc062723c751e8b465ee728b)  -> (artifact id: '02068c7c269ad17dd8a6e56d0f554b44') in 0.011560 seconds
  Import took 0.015073 seconds .

========================================================================
Received Import Request.
  Time since last request: 0.004799 seconds.
  path: ProjectSettings/TagManager.asset
  artifactKey: Guid(00000000000000003000000000000000) Importer(815301076,1909f56bfc062723c751e8b465ee728b)
Start importing ProjectSettings/TagManager.asset using Guid(00000000000000003000000000000000) Importer(815301076,1909f56bfc062723c751e8b465ee728b)  -> (artifact id: '02068c7c269ad17dd8a6e56d0f554b44') in 0.005813 seconds
  Import took 0.009140 seconds .

========================================================================
Received Import Request.
  Time since last request: 61.019878 seconds.
  path: Assets/Prefabs/Puddle.prefab
  artifactKey: Guid(2f67e1b06640349c7a33a29963d525ff) Importer(815301076,1909f56bfc062723c751e8b465ee728b)
Start importing Assets/Prefabs/Puddle.prefab using Guid(2f67e1b06640349c7a33a29963d525ff) Importer(815301076,1909f56bfc062723c751e8b465ee728b)  -> (artifact id: 'a4e56965647b95340c84ed6594facb72') in 0.030926 seconds
  Import took 0.034819 seconds .

========================================================================
Received Import Request.
  Time since last request: 1.691267 seconds.
  path: Assets/Prefabs/Puddle.prefab
  artifactKey: Guid(2f67e1b06640349c7a33a29963d525ff) Importer(815301076,1909f56bfc062723c751e8b465ee728b)
Start importing Assets/Prefabs/Puddle.prefab using Guid(2f67e1b06640349c7a33a29963d525ff) Importer(815301076,1909f56bfc062723c751e8b465ee728b)  -> (artifact id: 'ba0c071d015fa3dc92edda6e4cf49c5d') in 0.016278 seconds
  Import took 0.020068 seconds .

========================================================================
Received Prepare
Registering precompiled user dll's ...
Registered in 0.001233 seconds.
Begin MonoManager ReloadAssembly
Native extension for WindowsStandalone target not found
Refreshing native plugins compatible for Editor in 0.28 ms, found 0 plugins.
Preloading 0 native plugins for Editor in 0.00 ms.
Invoked RoslynAnalysisRunner static constructor.
RoslynAnalysisRunner will not be running.
RoslynAnalysisRunner has terminated.
Mono: successfully reloaded assembly
- Completed reload, in  1.747 seconds
Platform modules already initialized, skipping
Refreshing native plugins compatible for Editor in 0.31 ms, found 0 plugins.
Preloading 0 native plugins for Editor in 0.00 ms.
Unloading 1137 Unused Serialized files (Serialized files now loaded: 0)
System memory in use before: 62.5 MB.
System memory in use after: 62.6 MB.

Unloading 7 unused Assets to reduce memory usage. Loaded Objects now: 1636.
Total: 3.054400 ms (FindLiveObjects: 0.302100 ms CreateObjectMapping: 0.099200 ms MarkObjects: 2.567000 ms  DeleteObjects: 0.083700 ms)

========================================================================
Received Import Request.
  Time since last request: 177.059745 seconds.
  path: Assets/Scripts/GOAP/GStateMonitor.cs
  artifactKey: Guid(7843f33605097b24b8708e655f53fb2e) Importer(815301076,1909f56bfc062723c751e8b465ee728b)
Start importing Assets/Scripts/GOAP/GStateMonitor.cs using Guid(7843f33605097b24b8708e655f53fb2e) Importer(815301076,1909f56bfc062723c751e8b465ee728b)  -> (artifact id: 'd45891e42df4e37d23d376fe96481abf') in 0.042776 seconds
  Import took 0.050535 seconds .

========================================================================
Received Prepare
Registering precompiled user dll's ...
Registered in 0.002166 seconds.
Begin MonoManager ReloadAssembly
Native extension for WindowsStandalone target not found
Refreshing native plugins compatible for Editor in 0.36 ms, found 0 plugins.
Preloading 0 native plugins for Editor in 0.00 ms.
Invoked RoslynAnalysisRunner static constructor.
RoslynAnalysisRunner will not be running.
RoslynAnalysisRunner has terminated.
Mono: successfully reloaded assembly
- Completed reload, in  2.020 seconds
Platform modules already initialized, skipping
Refreshing native plugins compatible for Editor in 0.28 ms, found 0 plugins.
Preloading 0 native plugins for Editor in 0.00 ms.
Unloading 1138 Unused Serialized files (Serialized files now loaded: 0)
System memory in use before: 62.5 MB.
System memory in use after: 62.6 MB.

Unloading 5 unused Assets to reduce memory usage. Loaded Objects now: 1640.
Total: 2.564300 ms (FindLiveObjects: 0.305400 ms CreateObjectMapping: 0.080000 ms MarkObjects: 2.103800 ms  DeleteObjects: 0.072700 ms)

========================================================================
Received Prepare
Registering precompiled user dll's ...
Registered in 0.001765 seconds.
Begin MonoManager ReloadAssembly
Native extension for WindowsStandalone target not found
Refreshing native plugins compatible for Editor in 0.53 ms, found 0 plugins.
Preloading 0 native plugins for Editor in 0.00 ms.
Invoked RoslynAnalysisRunner static constructor.
RoslynAnalysisRunner will not be running.
RoslynAnalysisRunner has terminated.
Mono: successfully reloaded assembly
- Completed reload, in  1.712 seconds
Platform modules already initialized, skipping
Refreshing native plugins compatible for Editor in 0.30 ms, found 0 plugins.
Preloading 0 native plugins for Editor in 0.00 ms.
Unloading 1138 Unused Serialized files (Serialized files now loaded: 0)
System memory in use before: 62.6 MB.
System memory in use after: 62.6 MB.

Unloading 5 unused Assets to reduce memory usage. Loaded Objects now: 1643.
Total: 3.721800 ms (FindLiveObjects: 0.223500 ms CreateObjectMapping: 0.080100 ms MarkObjects: 3.247900 ms  DeleteObjects: 0.166600 ms)

========================================================================
Received Import Request.
  Time since last request: 304.253794 seconds.
  path: Assets/Scripts/GOAP/GStateMonitor.cs
  artifactKey: Guid(7843f33605097b24b8708e655f53fb2e) Importer(815301076,1909f56bfc062723c751e8b465ee728b)
Start importing Assets/Scripts/GOAP/GStateMonitor.cs using Guid(7843f33605097b24b8708e655f53fb2e) Importer(815301076,1909f56bfc062723c751e8b465ee728b)  -> (artifact id: '1f54836b8159e7aa3155475c69f4f4e1') in 0.009581 seconds
  Import took 0.013253 seconds .

========================================================================
Received Prepare
Registering precompiled user dll's ...
Registered in 0.001048 seconds.
Begin MonoManager ReloadAssembly
Native extension for WindowsStandalone target not found
Refreshing native plugins compatible for Editor in 0.45 ms, found 0 plugins.
Preloading 0 native plugins for Editor in 0.00 ms.
Invoked RoslynAnalysisRunner static constructor.
RoslynAnalysisRunner will not be running.
RoslynAnalysisRunner has terminated.
Mono: successfully reloaded assembly
- Completed reload, in  1.412 seconds
Platform modules already initialized, skipping
Refreshing native plugins compatible for Editor in 0.30 ms, found 0 plugins.
Preloading 0 native plugins for Editor in 0.00 ms.
Unloading 1138 Unused Serialized files (Serialized files now loaded: 0)
System memory in use before: 62.6 MB.
System memory in use after: 62.7 MB.

Unloading 5 unused Assets to reduce memory usage. Loaded Objects now: 1646.
Total: 3.429800 ms (FindLiveObjects: 0.289200 ms CreateObjectMapping: 0.105100 ms MarkObjects: 2.925600 ms  DeleteObjects: 0.107100 ms)

========================================================================
Received Import Request.
  Time since last request: 281.535078 seconds.
  path: Assets/Scripts/GOAP/GStateMonitor.cs
  artifactKey: Guid(7843f33605097b24b8708e655f53fb2e) Importer(815301076,1909f56bfc062723c751e8b465ee728b)
Start importing Assets/Scripts/GOAP/GStateMonitor.cs using Guid(7843f33605097b24b8708e655f53fb2e) Importer(815301076,1909f56bfc062723c751e8b465ee728b)  -> (artifact id: '5b8535a3fc120f01836c6a91c23fda82') in 0.008173 seconds
  Import took 0.011833 seconds .

========================================================================
Received Prepare
Registering precompiled user dll's ...
Registered in 0.001787 seconds.
Begin MonoManager ReloadAssembly
Native extension for WindowsStandalone target not found
Refreshing native plugins compatible for Editor in 0.34 ms, found 0 plugins.
Preloading 0 native plugins for Editor in 0.00 ms.
Invoked RoslynAnalysisRunner static constructor.
RoslynAnalysisRunner will not be running.
RoslynAnalysisRunner has terminated.
Mono: successfully reloaded assembly
- Completed reload, in  1.462 seconds
Platform modules already initialized, skipping
Refreshing native plugins compatible for Editor in 0.47 ms, found 0 plugins.
Preloading 0 native plugins for Editor in 0.00 ms.
Unloading 1138 Unused Serialized files (Serialized files now loaded: 0)
System memory in use before: 62.6 MB.
System memory in use after: 62.7 MB.

Unloading 5 unused Assets to reduce memory usage. Loaded Objects now: 1649.
Total: 2.515000 ms (FindLiveObjects: 0.240400 ms CreateObjectMapping: 0.056900 ms MarkObjects: 2.131500 ms  DeleteObjects: 0.083800 ms)

========================================================================
Received Prepare
Registering precompiled user dll's ...
Registered in 0.000982 seconds.
Begin MonoManager ReloadAssembly
Native extension for WindowsStandalone target not found
Refreshing native plugins compatible for Editor in 0.42 ms, found 0 plugins.
Preloading 0 native plugins for Editor in 0.00 ms.
Invoked RoslynAnalysisRunner static constructor.
RoslynAnalysisRunner will not be running.
RoslynAnalysisRunner has terminated.
Mono: successfully reloaded assembly
- Completed reload, in  1.269 seconds
Platform modules already initialized, skipping
Refreshing native plugins compatible for Editor in 0.30 ms, found 0 plugins.
Preloading 0 native plugins for Editor in 0.00 ms.
Unloading 1138 Unused Serialized files (Serialized files now loaded: 0)
System memory in use before: 62.6 MB.
System memory in use after: 62.7 MB.

Unloading 5 unused Assets to reduce memory usage. Loaded Objects now: 1652.
Total: 2.469500 ms (FindLiveObjects: 0.182100 ms CreateObjectMapping: 0.047400 ms MarkObjects: 2.168400 ms  DeleteObjects: 0.069400 ms)

========================================================================
Received Import Request.
  Time since last request: 254.378309 seconds.
  path: Assets/Prefabs/Puddle.prefab
  artifactKey: Guid(2f67e1b06640349c7a33a29963d525ff) Importer(815301076,1909f56bfc062723c751e8b465ee728b)
Start importing Assets/Prefabs/Puddle.prefab using Guid(2f67e1b06640349c7a33a29963d525ff) Importer(815301076,1909f56bfc062723c751e8b465ee728b)  -> (artifact id: '83b56daf8b0eebe48de00a1f97ae3d3e') in 0.135337 seconds
  Import took 0.140342 seconds .

========================================================================
Received Prepare
Registering precompiled user dll's ...
Registered in 0.001066 seconds.
Begin MonoManager ReloadAssembly
Native extension for WindowsStandalone target not found
Refreshing native plugins compatible for Editor in 0.28 ms, found 0 plugins.
Preloading 0 native plugins for Editor in 0.00 ms.
Invoked RoslynAnalysisRunner static constructor.
RoslynAnalysisRunner will not be running.
RoslynAnalysisRunner has terminated.
Mono: successfully reloaded assembly
- Completed reload, in  1.528 seconds
Platform modules already initialized, skipping
Refreshing native plugins compatible for Editor in 0.41 ms, found 0 plugins.
Preloading 0 native plugins for Editor in 0.00 ms.
Unloading 1138 Unused Serialized files (Serialized files now loaded: 0)
System memory in use before: 62.6 MB.
System memory in use after: 62.7 MB.

Unloading 5 unused Assets to reduce memory usage. Loaded Objects now: 1656.
Total: 2.599900 ms (FindLiveObjects: 0.291900 ms CreateObjectMapping: 0.102600 ms MarkObjects: 2.127800 ms  DeleteObjects: 0.075300 ms)

========================================================================
Received Prepare
Registering precompiled user dll's ...
Registered in 0.001655 seconds.
Begin MonoManager ReloadAssembly
Native extension for WindowsStandalone target not found
Refreshing native plugins compatible for Editor in 0.26 ms, found 0 plugins.
Preloading 0 native plugins for Editor in 0.00 ms.
Invoked RoslynAnalysisRunner static constructor.
RoslynAnalysisRunner will not be running.
RoslynAnalysisRunner has terminated.
Mono: successfully reloaded assembly
- Completed reload, in  1.269 seconds
Platform modules already initialized, skipping
Refreshing native plugins compatible for Editor in 0.29 ms, found 0 plugins.
Preloading 0 native plugins for Editor in 0.00 ms.
Unloading 1138 Unused Serialized files (Serialized files now loaded: 0)
System memory in use before: 62.6 MB.
System memory in use after: 62.7 MB.

Unloading 5 unused Assets to reduce memory usage. Loaded Objects now: 1659.
Total: 2.616700 ms (FindLiveObjects: 0.271000 ms CreateObjectMapping: 0.070400 ms MarkObjects: 2.193000 ms  DeleteObjects: 0.080100 ms)

========================================================================
Received Prepare
Registering precompiled user dll's ...
Registered in 0.001007 seconds.
Begin MonoManager ReloadAssembly
Native extension for WindowsStandalone target not found
Refreshing native plugins compatible for Editor in 0.30 ms, found 0 plugins.
Preloading 0 native plugins for Editor in 0.00 ms.
Invoked RoslynAnalysisRunner static constructor.
RoslynAnalysisRunner will not be running.
RoslynAnalysisRunner has terminated.
Mono: successfully reloaded assembly
- Completed reload, in  1.683 seconds
Platform modules already initialized, skipping
Refreshing native plugins compatible for Editor in 0.44 ms, found 0 plugins.
Preloading 0 native plugins for Editor in 0.00 ms.
Unloading 1138 Unused Serialized files (Serialized files now loaded: 0)
System memory in use before: 62.6 MB.
System memory in use after: 62.7 MB.

Unloading 5 unused Assets to reduce memory usage. Loaded Objects now: 1662.
Total: 2.964500 ms (FindLiveObjects: 0.249700 ms CreateObjectMapping: 0.057300 ms MarkObjects: 2.577100 ms  DeleteObjects: 0.078400 ms)

========================================================================
Received Prepare
Registering precompiled user dll's ...
Registered in 0.001630 seconds.
Begin MonoManager ReloadAssembly
Native extension for WindowsStandalone target not found
Refreshing native plugins compatible for Editor in 0.29 ms, found 0 plugins.
Preloading 0 native plugins for Editor in 0.00 ms.
Invoked RoslynAnalysisRunner static constructor.
RoslynAnalysisRunner will not be running.
RoslynAnalysisRunner has terminated.
Mono: successfully reloaded assembly
- Completed reload, in  1.907 seconds
Platform modules already initialized, skipping
Refreshing native plugins compatible for Editor in 0.38 ms, found 0 plugins.
Preloading 0 native plugins for Editor in 0.00 ms.
Unloading 1138 Unused Serialized files (Serialized files now loaded: 0)
System memory in use before: 62.6 MB.
System memory in use after: 62.7 MB.

Unloading 5 unused Assets to reduce memory usage. Loaded Objects now: 1665.
Total: 5.817800 ms (FindLiveObjects: 0.447600 ms CreateObjectMapping: 0.221500 ms MarkObjects: 5.031000 ms  DeleteObjects: 0.115300 ms)

========================================================================
Received Prepare
Registering precompiled user dll's ...
Registered in 0.001114 seconds.
Begin MonoManager ReloadAssembly
Native extension for WindowsStandalone target not found
Refreshing native plugins compatible for Editor in 0.28 ms, found 0 plugins.
Preloading 0 native plugins for Editor in 0.00 ms.
Invoked RoslynAnalysisRunner static constructor.
RoslynAnalysisRunner will not be running.
RoslynAnalysisRunner has terminated.
Mono: successfully reloaded assembly
- Completed reload, in  1.565 seconds
Platform modules already initialized, skipping
Refreshing native plugins compatible for Editor in 0.31 ms, found 0 plugins.
Preloading 0 native plugins for Editor in 0.00 ms.
Unloading 1138 Unused Serialized files (Serialized files now loaded: 0)
System memory in use before: 62.6 MB.
System memory in use after: 62.7 MB.

Unloading 5 unused Assets to reduce memory usage. Loaded Objects now: 1668.
Total: 2.466100 ms (FindLiveObjects: 0.245400 ms CreateObjectMapping: 0.093300 ms MarkObjects: 2.048700 ms  DeleteObjects: 0.076700 ms)

========================================================================
Received Prepare
Registering precompiled user dll's ...
Registered in 0.001126 seconds.
Begin MonoManager ReloadAssembly
Native extension for WindowsStandalone target not found
Refreshing native plugins compatible for Editor in 0.35 ms, found 0 plugins.
Preloading 0 native plugins for Editor in 0.00 ms.
Invoked RoslynAnalysisRunner static constructor.
RoslynAnalysisRunner will not be running.
RoslynAnalysisRunner has terminated.
Mono: successfully reloaded assembly
- Completed reload, in  1.451 seconds
Platform modules already initialized, skipping
Refreshing native plugins compatible for Editor in 0.28 ms, found 0 plugins.
Preloading 0 native plugins for Editor in 0.00 ms.
Unloading 1138 Unused Serialized files (Serialized files now loaded: 0)
System memory in use before: 62.6 MB.
System memory in use after: 62.7 MB.

Unloading 5 unused Assets to reduce memory usage. Loaded Objects now: 1671.
Total: 3.897500 ms (FindLiveObjects: 0.341400 ms CreateObjectMapping: 0.109500 ms MarkObjects: 3.344500 ms  DeleteObjects: 0.099000 ms)

========================================================================
Received Import Request.
  Time since last request: 1416.385468 seconds.
  path: Assets/Scripts/Actions/Janitor
  artifactKey: Guid(5860faa2630dbf0489a48b2637b52e84) Importer(815301076,1909f56bfc062723c751e8b465ee728b)
Start importing Assets/Scripts/Actions/Janitor using Guid(5860faa2630dbf0489a48b2637b52e84) Importer(815301076,1909f56bfc062723c751e8b465ee728b)  -> (artifact id: 'b0051c5978c41771208a009ade7ff2bc') in 0.008198 seconds
  Import took 0.010860 seconds .

========================================================================
Received Import Request.
  Time since last request: 11.717847 seconds.
  path: Assets/Scripts/Agents/JanitorAgent.cs
  artifactKey: Guid(cf5ae68c6f64b6e428306606d0d8990a) Importer(815301076,1909f56bfc062723c751e8b465ee728b)
Start importing Assets/Scripts/Agents/JanitorAgent.cs using Guid(cf5ae68c6f64b6e428306606d0d8990a) Importer(815301076,1909f56bfc062723c751e8b465ee728b)  -> (artifact id: 'f888eb7eda1972a000f21bf88b5387b3') in 0.009386 seconds
  Import took 0.012969 seconds .

========================================================================
Received Import Request.
  Time since last request: 0.001410 seconds.
  path: Assets/Scripts/Agents/JanitorAgent.cs
  artifactKey: Guid(cf5ae68c6f64b6e428306606d0d8990a) Importer(815301076,1909f56bfc062723c751e8b465ee728b)
Start importing Assets/Scripts/Agents/JanitorAgent.cs using Guid(cf5ae68c6f64b6e428306606d0d8990a) Importer(815301076,1909f56bfc062723c751e8b465ee728b)  -> (artifact id: 'f888eb7eda1972a000f21bf88b5387b3') in 0.006041 seconds
  Import took 0.009039 seconds .

========================================================================
Received Prepare
Registering precompiled user dll's ...
Registered in 0.001144 seconds.
Begin MonoManager ReloadAssembly
Native extension for WindowsStandalone target not found
Refreshing native plugins compatible for Editor in 0.28 ms, found 0 plugins.
Preloading 0 native plugins for Editor in 0.00 ms.
Invoked RoslynAnalysisRunner static constructor.
RoslynAnalysisRunner will not be running.
RoslynAnalysisRunner has terminated.
Mono: successfully reloaded assembly
- Completed reload, in  1.813 seconds
Platform modules already initialized, skipping
Refreshing native plugins compatible for Editor in 0.30 ms, found 0 plugins.
Preloading 0 native plugins for Editor in 0.00 ms.
Unloading 1139 Unused Serialized files (Serialized files now loaded: 0)
System memory in use before: 62.7 MB.
System memory in use after: 62.7 MB.

Unloading 5 unused Assets to reduce memory usage. Loaded Objects now: 1675.
Total: 2.958000 ms (FindLiveObjects: 0.249000 ms CreateObjectMapping: 0.059600 ms MarkObjects: 2.566300 ms  DeleteObjects: 0.080000 ms)

========================================================================
Received Prepare
Registering precompiled user dll's ...
Registered in 0.000966 seconds.
Begin MonoManager ReloadAssembly
Native extension for WindowsStandalone target not found
Refreshing native plugins compatible for Editor in 0.32 ms, found 0 plugins.
Preloading 0 native plugins for Editor in 0.00 ms.
Invoked RoslynAnalysisRunner static constructor.
RoslynAnalysisRunner will not be running.
RoslynAnalysisRunner has terminated.
Mono: successfully reloaded assembly
- Completed reload, in  1.368 seconds
Platform modules already initialized, skipping
Refreshing native plugins compatible for Editor in 0.29 ms, found 0 plugins.
Preloading 0 native plugins for Editor in 0.00 ms.
Unloading 1139 Unused Serialized files (Serialized files now loaded: 0)
System memory in use before: 62.7 MB.
System memory in use after: 62.7 MB.

Unloading 5 unused Assets to reduce memory usage. Loaded Objects now: 1678.
Total: 2.567400 ms (FindLiveObjects: 0.377700 ms CreateObjectMapping: 0.097600 ms MarkObjects: 2.009000 ms  DeleteObjects: 0.081000 ms)

========================================================================
Received Import Request.
  Time since last request: 52.680775 seconds.
  path: Assets/Scripts/Agents/JanitorAgent.cs
  artifactKey: Guid(cf5ae68c6f64b6e428306606d0d8990a) Importer(815301076,1909f56bfc062723c751e8b465ee728b)
Start importing Assets/Scripts/Agents/JanitorAgent.cs using Guid(cf5ae68c6f64b6e428306606d0d8990a) Importer(815301076,1909f56bfc062723c751e8b465ee728b)  -> (artifact id: 'd06cf51d74dd93ddfaec2919ae6ca2c2') in 0.009246 seconds
  Import took 0.012416 seconds .

========================================================================
Received Import Request.
  Time since last request: 15.790234 seconds.
  path: Assets/Scripts/Actions/Janitor/Clean.cs
  artifactKey: Guid(86f263c44a9d0394098c9d7c834c970b) Importer(815301076,1909f56bfc062723c751e8b465ee728b)
Start importing Assets/Scripts/Actions/Janitor/Clean.cs using Guid(86f263c44a9d0394098c9d7c834c970b) Importer(815301076,1909f56bfc062723c751e8b465ee728b)  -> (artifact id: '57c68cae3115be1f8b81ba512078d32d') in 0.012188 seconds
  Import took 0.016609 seconds .

========================================================================
Received Prepare
Registering precompiled user dll's ...
Registered in 0.001221 seconds.
Begin MonoManager ReloadAssembly
Native extension for WindowsStandalone target not found
Refreshing native plugins compatible for Editor in 0.33 ms, found 0 plugins.
Preloading 0 native plugins for Editor in 0.00 ms.
Invoked RoslynAnalysisRunner static constructor.
RoslynAnalysisRunner will not be running.
RoslynAnalysisRunner has terminated.
Mono: successfully reloaded assembly
- Completed reload, in  1.701 seconds
Platform modules already initialized, skipping
Refreshing native plugins compatible for Editor in 0.28 ms, found 0 plugins.
Preloading 0 native plugins for Editor in 0.00 ms.
Unloading 1140 Unused Serialized files (Serialized files now loaded: 0)
System memory in use before: 62.7 MB.
System memory in use after: 62.8 MB.

Unloading 5 unused Assets to reduce memory usage. Loaded Objects now: 1682.
Total: 2.815600 ms (FindLiveObjects: 0.295000 ms CreateObjectMapping: 0.100700 ms MarkObjects: 2.341000 ms  DeleteObjects: 0.076800 ms)

========================================================================
Received Prepare
Registering precompiled user dll's ...
Registered in 0.000995 seconds.
Begin MonoManager ReloadAssembly
Native extension for WindowsStandalone target not found
Refreshing native plugins compatible for Editor in 0.28 ms, found 0 plugins.
Preloading 0 native plugins for Editor in 0.00 ms.
Invoked RoslynAnalysisRunner static constructor.
RoslynAnalysisRunner will not be running.
RoslynAnalysisRunner has terminated.
Mono: successfully reloaded assembly
- Completed reload, in  1.456 seconds
Platform modules already initialized, skipping
Refreshing native plugins compatible for Editor in 0.30 ms, found 0 plugins.
Preloading 0 native plugins for Editor in 0.00 ms.
Unloading 1140 Unused Serialized files (Serialized files now loaded: 0)
System memory in use before: 62.7 MB.
System memory in use after: 62.8 MB.

Unloading 5 unused Assets to reduce memory usage. Loaded Objects now: 1685.
Total: 2.524200 ms (FindLiveObjects: 0.291400 ms CreateObjectMapping: 0.070600 ms MarkObjects: 2.084900 ms  DeleteObjects: 0.074800 ms)

========================================================================
Received Import Request.
  Time since last request: 39.734497 seconds.
  path: Assets/Scripts/Actions/Janitor/Clean.cs
  artifactKey: Guid(86f263c44a9d0394098c9d7c834c970b) Importer(815301076,1909f56bfc062723c751e8b465ee728b)
Start importing Assets/Scripts/Actions/Janitor/Clean.cs using Guid(86f263c44a9d0394098c9d7c834c970b) Importer(815301076,1909f56bfc062723c751e8b465ee728b)  -> (artifact id: 'bf297c0d23a0e8b11af8e2617e82cde0') in 0.007780 seconds
  Import took 0.011359 seconds .

========================================================================
Received Import Request.
  Time since last request: 96.628630 seconds.
  path: Assets/Prefabs/Nurse.prefab
  artifactKey: Guid(51e437be22296b340954bf6591a60065) Importer(815301076,1909f56bfc062723c751e8b465ee728b)
Start importing Assets/Prefabs/Nurse.prefab using Guid(51e437be22296b340954bf6591a60065) Importer(815301076,1909f56bfc062723c751e8b465ee728b)  -> (artifact id: '2b9507ed13f4443c353698607a7e9d64') in 0.108331 seconds
  Import took 0.113744 seconds .

========================================================================
Received Import Request.
  Time since last request: 0.008719 seconds.
  path: Assets/Prefabs/Nurse.prefab
  artifactKey: Guid(51e437be22296b340954bf6591a60065) Importer(815301076,1909f56bfc062723c751e8b465ee728b)
Start importing Assets/Prefabs/Nurse.prefab using Guid(51e437be22296b340954bf6591a60065) Importer(815301076,1909f56bfc062723c751e8b465ee728b)  -> (artifact id: '2b9507ed13f4443c353698607a7e9d64') in 0.024979 seconds
  Import took 0.028709 seconds .

========================================================================
Received Prepare
Registering precompiled user dll's ...
Registered in 0.001556 seconds.
Begin MonoManager ReloadAssembly
Native extension for WindowsStandalone target not found
Refreshing native plugins compatible for Editor in 0.30 ms, found 0 plugins.
Preloading 0 native plugins for Editor in 0.00 ms.
Invoked RoslynAnalysisRunner static constructor.
RoslynAnalysisRunner will not be running.
RoslynAnalysisRunner has terminated.
Mono: successfully reloaded assembly
- Completed reload, in  1.499 seconds
Platform modules already initialized, skipping
Refreshing native plugins compatible for Editor in 0.40 ms, found 0 plugins.
Preloading 0 native plugins for Editor in 0.00 ms.
Unloading 1140 Unused Serialized files (Serialized files now loaded: 0)
System memory in use before: 62.8 MB.
System memory in use after: 62.9 MB.

Unloading 5 unused Assets to reduce memory usage. Loaded Objects now: 1689.
Total: 2.480300 ms (FindLiveObjects: 0.203100 ms CreateObjectMapping: 0.058400 ms MarkObjects: 2.142600 ms  DeleteObjects: 0.074600 ms)

========================================================================
Received Import Request.
  Time since last request: 212.430944 seconds.
  path: Assets/Prefabs/Janitor.prefab
  artifactKey: Guid(48824e5942afc4b5ea86751dcde7ad1a) Importer(815301076,1909f56bfc062723c751e8b465ee728b)
Start importing Assets/Prefabs/Janitor.prefab using Guid(48824e5942afc4b5ea86751dcde7ad1a) Importer(815301076,1909f56bfc062723c751e8b465ee728b)  -> (artifact id: 'adbd7f5350fe5a8a611aeb4a2c544d81') in 0.173122 seconds
  Import took 0.181020 seconds .

========================================================================
Received Prepare
Registering precompiled user dll's ...
Registered in 0.001187 seconds.
Begin MonoManager ReloadAssembly
Native extension for WindowsStandalone target not found
Refreshing native plugins compatible for Editor in 0.38 ms, found 0 plugins.
Preloading 0 native plugins for Editor in 0.00 ms.
Invoked RoslynAnalysisRunner static constructor.
RoslynAnalysisRunner will not be running.
RoslynAnalysisRunner has terminated.
Mono: successfully reloaded assembly
- Completed reload, in  1.515 seconds
Platform modules already initialized, skipping
Refreshing native plugins compatible for Editor in 0.27 ms, found 0 plugins.
Preloading 0 native plugins for Editor in 0.00 ms.
Unloading 1140 Unused Serialized files (Serialized files now loaded: 0)
System memory in use before: 62.8 MB.
System memory in use after: 62.9 MB.

Unloading 5 unused Assets to reduce memory usage. Loaded Objects now: 1693.
Total: 2.656200 ms (FindLiveObjects: 0.198000 ms CreateObjectMapping: 0.055000 ms MarkObjects: 2.325200 ms  DeleteObjects: 0.075500 ms)

========================================================================
Received Prepare
Registering precompiled user dll's ...
Registered in 0.001390 seconds.
Begin MonoManager ReloadAssembly
Native extension for WindowsStandalone target not found
Refreshing native plugins compatible for Editor in 0.28 ms, found 0 plugins.
Preloading 0 native plugins for Editor in 0.00 ms.
Invoked RoslynAnalysisRunner static constructor.
RoslynAnalysisRunner will not be running.
RoslynAnalysisRunner has terminated.
Mono: successfully reloaded assembly
- Completed reload, in  1.399 seconds
Platform modules already initialized, skipping
Refreshing native plugins compatible for Editor in 0.33 ms, found 0 plugins.
Preloading 0 native plugins for Editor in 0.00 ms.
Unloading 1140 Unused Serialized files (Serialized files now loaded: 0)
System memory in use before: 62.8 MB.
System memory in use after: 62.9 MB.

Unloading 5 unused Assets to reduce memory usage. Loaded Objects now: 1696.
Total: 2.652000 ms (FindLiveObjects: 0.206800 ms CreateObjectMapping: 0.059000 ms MarkObjects: 2.308200 ms  DeleteObjects: 0.075300 ms)

========================================================================
Received Prepare
Registering precompiled user dll's ...
Registered in 0.001287 seconds.
Begin MonoManager ReloadAssembly
Native extension for WindowsStandalone target not found
Refreshing native plugins compatible for Editor in 0.27 ms, found 0 plugins.
Preloading 0 native plugins for Editor in 0.00 ms.
Invoked RoslynAnalysisRunner static constructor.
RoslynAnalysisRunner will not be running.
RoslynAnalysisRunner has terminated.
Mono: successfully reloaded assembly
- Completed reload, in  1.420 seconds
Platform modules already initialized, skipping
Refreshing native plugins compatible for Editor in 0.33 ms, found 0 plugins.
Preloading 0 native plugins for Editor in 0.00 ms.
Unloading 1140 Unused Serialized files (Serialized files now loaded: 0)
System memory in use before: 62.8 MB.
System memory in use after: 62.9 MB.

Unloading 5 unused Assets to reduce memory usage. Loaded Objects now: 1699.
Total: 3.573300 ms (FindLiveObjects: 0.300200 ms CreateObjectMapping: 0.143400 ms MarkObjects: 3.052200 ms  DeleteObjects: 0.074300 ms)

========================================================================
Received Prepare
Registering precompiled user dll's ...
Registered in 0.001457 seconds.
Begin MonoManager ReloadAssembly
Native extension for WindowsStandalone target not found
Refreshing native plugins compatible for Editor in 0.28 ms, found 0 plugins.
Preloading 0 native plugins for Editor in 0.00 ms.
Invoked RoslynAnalysisRunner static constructor.
RoslynAnalysisRunner will not be running.
RoslynAnalysisRunner has terminated.
Mono: successfully reloaded assembly
- Completed reload, in  1.431 seconds
Platform modules already initialized, skipping
Refreshing native plugins compatible for Editor in 0.30 ms, found 0 plugins.
Preloading 0 native plugins for Editor in 0.00 ms.
Unloading 1140 Unused Serialized files (Serialized files now loaded: 0)
System memory in use before: 62.8 MB.
System memory in use after: 62.9 MB.

Unloading 5 unused Assets to reduce memory usage. Loaded Objects now: 1702.
Total: 3.682300 ms (FindLiveObjects: 0.342300 ms CreateObjectMapping: 0.111200 ms MarkObjects: 3.135400 ms  DeleteObjects: 0.091200 ms)

========================================================================
Received Prepare
Registering precompiled user dll's ...
Registered in 0.001056 seconds.
Begin MonoManager ReloadAssembly
Native extension for WindowsStandalone target not found
Refreshing native plugins compatible for Editor in 0.36 ms, found 0 plugins.
Preloading 0 native plugins for Editor in 0.00 ms.
Invoked RoslynAnalysisRunner static constructor.
RoslynAnalysisRunner will not be running.
RoslynAnalysisRunner has terminated.
Mono: successfully reloaded assembly
- Completed reload, in  1.256 seconds
Platform modules already initialized, skipping
Refreshing native plugins compatible for Editor in 0.29 ms, found 0 plugins.
Preloading 0 native plugins for Editor in 0.00 ms.
Unloading 1140 Unused Serialized files (Serialized files now loaded: 0)
System memory in use before: 62.8 MB.
System memory in use after: 62.9 MB.

Unloading 5 unused Assets to reduce memory usage. Loaded Objects now: 1705.
Total: 3.370800 ms (FindLiveObjects: 0.323200 ms CreateObjectMapping: 0.110500 ms MarkObjects: 2.849100 ms  DeleteObjects: 0.085800 ms)

========================================================================
Received Prepare
Registering precompiled user dll's ...
Registered in 0.001212 seconds.
Begin MonoManager ReloadAssembly
Native extension for WindowsStandalone target not found
Refreshing native plugins compatible for Editor in 0.28 ms, found 0 plugins.
Preloading 0 native plugins for Editor in 0.00 ms.
Invoked RoslynAnalysisRunner static constructor.
RoslynAnalysisRunner will not be running.
RoslynAnalysisRunner has terminated.
Mono: successfully reloaded assembly
- Completed reload, in  1.446 seconds
Platform modules already initialized, skipping
Refreshing native plugins compatible for Editor in 0.27 ms, found 0 plugins.
Preloading 0 native plugins for Editor in 0.00 ms.
Unloading 1140 Unused Serialized files (Serialized files now loaded: 0)
System memory in use before: 62.8 MB.
System memory in use after: 62.9 MB.

Unloading 5 unused Assets to reduce memory usage. Loaded Objects now: 1708.
Total: 2.690400 ms (FindLiveObjects: 0.332200 ms CreateObjectMapping: 0.069600 ms MarkObjects: 2.214200 ms  DeleteObjects: 0.072200 ms)

========================================================================
Received Prepare
Registering precompiled user dll's ...
Registered in 0.001146 seconds.
Begin MonoManager ReloadAssembly
Native extension for WindowsStandalone target not found
Refreshing native plugins compatible for Editor in 0.47 ms, found 0 plugins.
Preloading 0 native plugins for Editor in 0.00 ms.
Invoked RoslynAnalysisRunner static constructor.
RoslynAnalysisRunner will not be running.
RoslynAnalysisRunner has terminated.
Mono: successfully reloaded assembly
- Completed reload, in  1.389 seconds
Platform modules already initialized, skipping
Refreshing native plugins compatible for Editor in 0.30 ms, found 0 plugins.
Preloading 0 native plugins for Editor in 0.00 ms.
Unloading 1140 Unused Serialized files (Serialized files now loaded: 0)
System memory in use before: 62.8 MB.
System memory in use after: 62.9 MB.

Unloading 5 unused Assets to reduce memory usage. Loaded Objects now: 1711.
Total: 2.592200 ms (FindLiveObjects: 0.182600 ms CreateObjectMapping: 0.051800 ms MarkObjects: 2.279300 ms  DeleteObjects: 0.076300 ms)

========================================================================
Received Prepare
Registering precompiled user dll's ...
Registered in 0.001027 seconds.
Begin MonoManager ReloadAssembly
Native extension for WindowsStandalone target not found
Refreshing native plugins compatible for Editor in 0.26 ms, found 0 plugins.
Preloading 0 native plugins for Editor in 0.00 ms.
Invoked RoslynAnalysisRunner static constructor.
RoslynAnalysisRunner will not be running.
RoslynAnalysisRunner has terminated.
Mono: successfully reloaded assembly
- Completed reload, in  1.363 seconds
Platform modules already initialized, skipping
Refreshing native plugins compatible for Editor in 0.42 ms, found 0 plugins.
Preloading 0 native plugins for Editor in 0.00 ms.
Unloading 1140 Unused Serialized files (Serialized files now loaded: 0)
System memory in use before: 62.8 MB.
System memory in use after: 62.9 MB.

Unloading 5 unused Assets to reduce memory usage. Loaded Objects now: 1714.
Total: 2.781400 ms (FindLiveObjects: 0.197000 ms CreateObjectMapping: 0.055700 ms MarkObjects: 2.450500 ms  DeleteObjects: 0.076100 ms)

AssetImportWorkerClient::OnTransportError - code=2 error=End of file
